This file contains any messages produced by compilers while
running configure, to aid debugging if configure makes a mistake.

It was created by newlib configure 2.1.0, which was
generated by GNU Autoconf 2.68.  Invocation command line was

  $ ../../.././newlib/libm/configure --disable-option-checking --prefix=/usr/local --with-newlib --enable-multilib --with-cross-host=i686-pc-linux-gnu --program-transform-name=s&^&i686-elf-xv6-& --with-target-subdir=i686-elf-xv6 --build=i686-pc-linux-gnu --host=i686-elf-xv6 --target=i686-elf-xv6 build_alias=i686-pc-linux-gnu host_alias=i686-elf-xv6 target_alias=i686-elf-xv6 CC=i686-elf-gcc -B/home/eddie/Documents/xv6-public/xv6-newlib/i686-elf-xv6/newlib/ -isystem /home/eddie/Documents/xv6-public/xv6-newlib/i686-elf-xv6/newlib/targ-include -isystem /home/eddie/Documents/xv6-public/xv6-newlib/newlib/libc/include -B/home/eddie/Documents/xv6-public/xv6-newlib/i686-elf-xv6/libgloss/i386 -L/home/eddie/Documents/xv6-public/xv6-newlib/i686-elf-xv6/libgloss/libnosys -L/home/eddie/Documents/xv6-public/xv6-newlib/libgloss/i386    CFLAGS=-g -O2 LDFLAGS= CPPFLAGS= --cache-file=.././config.cache --srcdir=../../.././newlib/libm

## --------- ##
## Platform. ##
## --------- ##

hostname = eddie-VirtualBox
uname -m = i686
uname -r = 4.13.0-45-generic
uname -s = Linux
uname -v = #50~16.04.1-Ubuntu SMP Wed May 30 11:16:09 UTC 2018

/usr/bin/uname -p = unknown
/bin/uname -X     = unknown

/bin/arch              = unknown
/usr/bin/arch -k       = unknown
/usr/convex/getsysinfo = unknown
/usr/bin/hostinfo      = unknown
/bin/machine           = unknown
/usr/bin/oslevel       = unknown
/bin/universe          = unknown

PATH: /home/eddie/Documents/xv6-public/barebones-toolchain-i686-elf/cross/i686/bin
PATH: /home/eddie/bin
PATH: /home/eddie/.local/bin
PATH: /usr/local/sbin
PATH: /usr/local/bin
PATH: /usr/sbin
PATH: /usr/bin
PATH: /sbin
PATH: /bin
PATH: /usr/games
PATH: /usr/local/games
PATH: /snap/bin


## ----------- ##
## Core tests. ##
## ----------- ##

configure:2060: loading cache .././config.cache
configure:2163: checking Checking long double support
configure:2187: result: yes
configure:2233: checking build system type
configure:2247: result: i686-pc-linux-gnu
configure:2267: checking host system type
configure:2280: result: i686-elf-xv6
configure:2316: checking for a BSD-compatible install
configure:2384: result: /usr/bin/install -c
configure:2395: checking whether build environment is sane
configure:2445: result: yes
configure:2494: checking for i686-elf-xv6-strip
configure:2521: result: i686-elf-xv6-strip
configure:2586: checking for a thread-safe mkdir -p
configure:2625: result: /bin/mkdir -p
configure:2638: checking for gawk
configure:2665: result: mawk
configure:2676: checking whether make sets $(MAKE)
configure:2698: result: yes
configure:2728: checking for style of include used by make
configure:2756: result: GNU
configure:2966: checking for gcc
configure:2993: result: i686-elf-gcc -B/home/eddie/Documents/xv6-public/xv6-newlib/i686-elf-xv6/newlib/ -isystem /home/eddie/Documents/xv6-public/xv6-newlib/i686-elf-xv6/newlib/targ-include -isystem /home/eddie/Documents/xv6-public/xv6-newlib/newlib/libc/include -B/home/eddie/Documents/xv6-public/xv6-newlib/i686-elf-xv6/libgloss/i386 -L/home/eddie/Documents/xv6-public/xv6-newlib/i686-elf-xv6/libgloss/libnosys -L/home/eddie/Documents/xv6-public/xv6-newlib/libgloss/i386   
configure:3004: checking dependency style of i686-elf-gcc -B/home/eddie/Documents/xv6-public/xv6-newlib/i686-elf-xv6/newlib/ -isystem /home/eddie/Documents/xv6-public/xv6-newlib/i686-elf-xv6/newlib/targ-include -isystem /home/eddie/Documents/xv6-public/xv6-newlib/newlib/libc/include -B/home/eddie/Documents/xv6-public/xv6-newlib/i686-elf-xv6/libgloss/i386 -L/home/eddie/Documents/xv6-public/xv6-newlib/i686-elf-xv6/libgloss/libnosys -L/home/eddie/Documents/xv6-public/xv6-newlib/libgloss/i386   
configure:3115: result: gcc3
configure:3188: checking whether we are using GNU C
configure:3209: result: yes
configure:3218: checking whether i686-elf-gcc -B/home/eddie/Documents/xv6-public/xv6-newlib/i686-elf-xv6/newlib/ -isystem /home/eddie/Documents/xv6-public/xv6-newlib/i686-elf-xv6/newlib/targ-include -isystem /home/eddie/Documents/xv6-public/xv6-newlib/newlib/libc/include -B/home/eddie/Documents/xv6-public/xv6-newlib/i686-elf-xv6/libgloss/i386 -L/home/eddie/Documents/xv6-public/xv6-newlib/i686-elf-xv6/libgloss/libnosys -L/home/eddie/Documents/xv6-public/xv6-newlib/libgloss/i386    accepts -g
configure:3279: result: no
configure:3312: checking for i686-elf-xv6-as
configure:3339: result: i686-elf-as
configure:3404: checking for i686-elf-xv6-ar
configure:3431: result: i686-elf-ar
configure:3496: checking for i686-elf-xv6-ranlib
configure:3523: result: i686-elf-ranlib
configure:3588: checking for i686-elf-xv6-readelf
configure:3615: result: i686-elf-xv6-readelf
configure:3684: checking whether to enable maintainer-specific portions of Makefiles
configure:3693: result: no
configure:3803: checking for a sed that does not truncate output
configure:3867: result: /bin/sed
configure:3889: checking how to print strings
configure:3916: result: printf
configure:12065: creating ./config.status

## ---------------------- ##
## Running config.status. ##
## ---------------------- ##

This file was extended by newlib config.status 2.1.0, which was
generated by GNU Autoconf 2.68.  Invocation command line was

  CONFIG_FILES    = 
  CONFIG_HEADERS  = 
  CONFIG_LINKS    = 
  CONFIG_COMMANDS = 
  $ ./config.status 

on eddie-VirtualBox

config.status:1042: creating Makefile
config.status:1042: creating math/Makefile
config.status:1042: creating mathfp/Makefile
config.status:1042: creating common/Makefile
config.status:1042: creating complex/Makefile
config.status:1199: executing depfiles commands
configure:14188: === configuring in machine (/home/eddie/Documents/xv6-public/xv6-newlib/i686-elf-xv6/newlib/libm/machine)
configure:14251: running /bin/bash ../../../.././newlib/libm/machine/configure --disable-option-checking '--prefix=/usr/local'  '--with-newlib' '--enable-multilib' '--with-cross-host=i686-pc-linux-gnu' '--program-transform-name=s&^&i686-elf-xv6-&' '--with-target-subdir=i686-elf-xv6' '--build=i686-pc-linux-gnu' '--host=i686-elf-xv6' '--target=i686-elf-xv6' 'build_alias=i686-pc-linux-gnu' 'host_alias=i686-elf-xv6' 'target_alias=i686-elf-xv6' 'CC=i686-elf-gcc -B/home/eddie/Documents/xv6-public/xv6-newlib/i686-elf-xv6/newlib/ -isystem /home/eddie/Documents/xv6-public/xv6-newlib/i686-elf-xv6/newlib/targ-include -isystem /home/eddie/Documents/xv6-public/xv6-newlib/newlib/libc/include -B/home/eddie/Documents/xv6-public/xv6-newlib/i686-elf-xv6/libgloss/i386 -L/home/eddie/Documents/xv6-public/xv6-newlib/i686-elf-xv6/libgloss/libnosys -L/home/eddie/Documents/xv6-public/xv6-newlib/libgloss/i386   ' 'CFLAGS=-g -O2' 'LDFLAGS=' 'CPPFLAGS=' --cache-file=../.././config.cache --srcdir=../../../.././newlib/libm/machine

## ---------------- ##
## Cache variables. ##
## ---------------- ##

ac_cv_build=i686-pc-linux-gnu
ac_cv_c_compiler_gnu=yes
ac_cv_env_CCASFLAGS_set=
ac_cv_env_CCASFLAGS_value=
ac_cv_env_CCAS_set=
ac_cv_env_CCAS_value=
ac_cv_env_CC_set=set
ac_cv_env_CC_value='i686-elf-gcc -B/home/eddie/Documents/xv6-public/xv6-newlib/i686-elf-xv6/newlib/ -isystem /home/eddie/Documents/xv6-public/xv6-newlib/i686-elf-xv6/newlib/targ-include -isystem /home/eddie/Documents/xv6-public/xv6-newlib/newlib/libc/include -B/home/eddie/Documents/xv6-public/xv6-newlib/i686-elf-xv6/libgloss/i386 -L/home/eddie/Documents/xv6-public/xv6-newlib/i686-elf-xv6/libgloss/libnosys -L/home/eddie/Documents/xv6-public/xv6-newlib/libgloss/i386   '
ac_cv_env_CFLAGS_set=set
ac_cv_env_CFLAGS_value='-g -O2'
ac_cv_env_CPPFLAGS_set=set
ac_cv_env_CPPFLAGS_value=
ac_cv_env_CPP_set=
ac_cv_env_CPP_value=
ac_cv_env_LDFLAGS_set=set
ac_cv_env_LDFLAGS_value=
ac_cv_env_LIBS_set=
ac_cv_env_LIBS_value=
ac_cv_env_build_alias_set=set
ac_cv_env_build_alias_value=i686-pc-linux-gnu
ac_cv_env_host_alias_set=set
ac_cv_env_host_alias_value=i686-elf-xv6
ac_cv_env_target_alias_set=set
ac_cv_env_target_alias_value=i686-elf-xv6
ac_cv_host=i686-elf-xv6
ac_cv_path_SED=/bin/sed
ac_cv_path_mkdir=/bin/mkdir
ac_cv_prog_AR=i686-elf-ar
ac_cv_prog_AS=i686-elf-as
ac_cv_prog_AWK=mawk
ac_cv_prog_CC='i686-elf-gcc -B/home/eddie/Documents/xv6-public/xv6-newlib/i686-elf-xv6/newlib/ -isystem /home/eddie/Documents/xv6-public/xv6-newlib/i686-elf-xv6/newlib/targ-include -isystem /home/eddie/Documents/xv6-public/xv6-newlib/newlib/libc/include -B/home/eddie/Documents/xv6-public/xv6-newlib/i686-elf-xv6/libgloss/i386 -L/home/eddie/Documents/xv6-public/xv6-newlib/i686-elf-xv6/libgloss/libnosys -L/home/eddie/Documents/xv6-public/xv6-newlib/libgloss/i386   '
ac_cv_prog_RANLIB=i686-elf-ranlib
ac_cv_prog_READELF=i686-elf-xv6-readelf
ac_cv_prog_STRIP=i686-elf-xv6-strip
ac_cv_prog_cc_g=no
ac_cv_prog_make_make_set=yes
acnewlib_cv_type_long_double=yes
am_cv_CC_dependencies_compiler_type=gcc3
libc_cv_cc_loop_to_function=yes
libc_cv_initfinit_array=no
newlib_cv_ldbl_eq_dbl=no

## ----------------- ##
## Output variables. ##
## ----------------- ##

ACLOCAL='${SHELL} /home/eddie/Documents/xv6-public/xv6-newlib/missing --run aclocal-1.11'
AMDEPBACKSLASH='\'
AMDEP_FALSE='#'
AMDEP_TRUE=''
AMTAR='$${TAR-tar}'
AR='i686-elf-ar'
AS='i686-elf-as'
AUTOCONF='${SHELL} /home/eddie/Documents/xv6-public/xv6-newlib/missing --run autoconf'
AUTOHEADER='${SHELL} /home/eddie/Documents/xv6-public/xv6-newlib/missing --run autoheader'
AUTOMAKE='${SHELL} /home/eddie/Documents/xv6-public/xv6-newlib/missing --run automake-1.11'
AWK='mawk'
CC='i686-elf-gcc -B/home/eddie/Documents/xv6-public/xv6-newlib/i686-elf-xv6/newlib/ -isystem /home/eddie/Documents/xv6-public/xv6-newlib/i686-elf-xv6/newlib/targ-include -isystem /home/eddie/Documents/xv6-public/xv6-newlib/newlib/libc/include -B/home/eddie/Documents/xv6-public/xv6-newlib/i686-elf-xv6/libgloss/i386 -L/home/eddie/Documents/xv6-public/xv6-newlib/i686-elf-xv6/libgloss/libnosys -L/home/eddie/Documents/xv6-public/xv6-newlib/libgloss/i386   '
CCAS='i686-elf-gcc -B/home/eddie/Documents/xv6-public/xv6-newlib/i686-elf-xv6/newlib/ -isystem /home/eddie/Documents/xv6-public/xv6-newlib/i686-elf-xv6/newlib/targ-include -isystem /home/eddie/Documents/xv6-public/xv6-newlib/newlib/libc/include -B/home/eddie/Documents/xv6-public/xv6-newlib/i686-elf-xv6/libgloss/i386 -L/home/eddie/Documents/xv6-public/xv6-newlib/i686-elf-xv6/libgloss/libnosys -L/home/eddie/Documents/xv6-public/xv6-newlib/libgloss/i386   '
CCASFLAGS='-g -O2'
CCDEPMODE='depmode=gcc3'
CFLAGS='-g -O2'
CPP=''
CPPFLAGS=''
CYGPATH_W='echo'
DEFS='-DPACKAGE_NAME=\"newlib\" -DPACKAGE_TARNAME=\"newlib\" -DPACKAGE_VERSION=\"2.1.0\" -DPACKAGE_STRING=\"newlib\ 2.1.0\" -DPACKAGE_BUGREPORT=\"\" -DPACKAGE_URL=\"\"'
DEPDIR='.deps'
DLLTOOL='i686-elf-xv6-dlltool'
DSYMUTIL=''
DUMPBIN=''
ECHO_C=''
ECHO_N='-n'
ECHO_T=''
EGREP=''
ELIX_LEVEL_0_FALSE='#'
ELIX_LEVEL_0_TRUE=''
ELIX_LEVEL_1_FALSE=''
ELIX_LEVEL_1_TRUE='#'
ELIX_LEVEL_2_FALSE=''
ELIX_LEVEL_2_TRUE='#'
ELIX_LEVEL_3_FALSE=''
ELIX_LEVEL_3_TRUE='#'
ELIX_LEVEL_4_FALSE=''
ELIX_LEVEL_4_TRUE='#'
EXEEXT=''
FGREP=''
GREP=''
HAVE_LONG_DOUBLE_FALSE='#'
HAVE_LONG_DOUBLE_TRUE=''
INSTALL_DATA='/usr/bin/install -c -m 644'
INSTALL_PROGRAM='/usr/bin/install -c'
INSTALL_SCRIPT='/usr/bin/install -c'
INSTALL_STRIP_PROGRAM='$(install_sh) -c -s'
LD='i686-elf-ld'
LDFLAGS=''
LIBM_MACHINE_LIB='machine/lib.a'
LIBOBJS=''
LIBS=''
LIBTOOL=''
LIPO='i686-elf-xv6-lipo'
LN_S=''
LTLIBOBJS=''
MAINT='#'
MAINTAINER_MODE_FALSE=''
MAINTAINER_MODE_TRUE='#'
MAKEINFO='makeinfo --split-size=5000000'
MAY_SUPPLY_SYSCALLS_FALSE='#'
MAY_SUPPLY_SYSCALLS_TRUE=''
MKDIR_P='/bin/mkdir -p'
NEWLIB_CFLAGS=' -D_I386MACH_ALLOW_HW_INTERRUPTS -DMISSING_SYSCALL_NAMES -fno-builtin'
NEWLIB_HW_FP_FALSE=''
NEWLIB_HW_FP_TRUE='#'
NM='i686-elf-xv6-nm'
NMEDIT=''
NO_INCLUDE_LIST=' rpc/types.h rpc/xdr.h'
OBJDUMP='i686-elf-xv6-objdump'
OBJEXT='o'
OTOOL64=''
OTOOL=''
PACKAGE='newlib'
PACKAGE_BUGREPORT=''
PACKAGE_NAME='newlib'
PACKAGE_STRING='newlib 2.1.0'
PACKAGE_TARNAME='newlib'
PACKAGE_URL=''
PACKAGE_VERSION='2.1.0'
PATH_SEPARATOR=':'
RANLIB='i686-elf-ranlib'
READELF='i686-elf-xv6-readelf'
SED='/bin/sed'
SET_MAKE=''
SHELL='/bin/bash'
STRIP='i686-elf-xv6-strip'
USE_LIBTOOL_FALSE=''
USE_LIBTOOL_TRUE='#'
VERSION='2.1.0'
ac_ct_CC=''
ac_ct_DUMPBIN=''
aext='a'
am__EXEEXT_FALSE=''
am__EXEEXT_TRUE='#'
am__fastdepCC_FALSE='#'
am__fastdepCC_TRUE=''
am__include='include'
am__isrc=' -I$(srcdir)'
am__leading_dot='.'
am__nodep='_no'
am__quote=''
am__tar='$${TAR-tar} chof - "$$tardir"'
am__untar='$${TAR-tar} xf -'
bindir='${exec_prefix}/bin'
build='i686-pc-linux-gnu'
build_alias='i686-pc-linux-gnu'
build_cpu='i686'
build_os='linux-gnu'
build_vendor='pc'
datadir='${datarootdir}'
datarootdir='${prefix}/share'
docdir='${datarootdir}/doc/${PACKAGE_TARNAME}'
dvidir='${docdir}'
exec_prefix='${prefix}'
host='i686-elf-xv6'
host_alias='i686-elf-xv6'
host_cpu='i686'
host_os='xv6'
host_vendor='elf'
htmldir='${docdir}'
includedir='${prefix}/include'
infodir='${datarootdir}/info'
install_sh='${SHELL} /home/eddie/Documents/xv6-public/xv6-newlib/install-sh'
libdir='${exec_prefix}/lib'
libexecdir='${exec_prefix}/libexec'
libm_machine_dir='i386'
localedir='${datarootdir}/locale'
localstatedir='${prefix}/var'
lpfx='lib_a-'
machine_dir='i386'
mandir='${datarootdir}/man'
mkdir_p='/bin/mkdir -p'
newlib_basedir='../../.././newlib/libm/..'
oext='o'
oldincludedir='/usr/include'
pdfdir='${docdir}'
prefix='/usr/local'
program_transform_name='s&^&i686-elf-xv6-&'
psdir='${docdir}'
sbindir='${exec_prefix}/sbin'
sharedstatedir='${prefix}/com'
subdirs=' machine'
sys_dir='xv6'
sysconfdir='${prefix}/etc'
target_alias='i686-elf-xv6'

## ----------- ##
## confdefs.h. ##
## ----------- ##

/* confdefs.h */
#define PACKAGE_NAME "newlib"
#define PACKAGE_TARNAME "newlib"
#define PACKAGE_VERSION "2.1.0"
#define PACKAGE_STRING "newlib 2.1.0"
#define PACKAGE_BUGREPORT ""
#define PACKAGE_URL ""

configure: exit 0
