This file contains any messages produced by compilers while
running configure, to aid debugging if configure makes a mistake.

It was created by newlib configure 2.1.0, which was
generated by GNU Autoconf 2.68.  Invocation command line was

  $ /home/eddie/Documents/xv6-public/xv6-newlib/newlib/configure --cache-file=./config.cache --with-newlib --enable-multilib --with-cross-host=i686-pc-linux-gnu --program-transform-name=s&^&i686-elf-xv6-& --disable-option-checking --with-target-subdir=i686-elf-xv6 --build=i686-pc-linux-gnu --host=i686-elf-xv6 --target=i686-elf-xv6 --srcdir=../.././newlib

## --------- ##
## Platform. ##
## --------- ##

hostname = eddie-VirtualBox
uname -m = i686
uname -r = 4.13.0-45-generic
uname -s = Linux
uname -v = #50~16.04.1-Ubuntu SMP Wed May 30 11:16:09 UTC 2018

/usr/bin/uname -p = unknown
/bin/uname -X     = unknown

/bin/arch              = unknown
/usr/bin/arch -k       = unknown
/usr/convex/getsysinfo = unknown
/usr/bin/hostinfo      = unknown
/bin/machine           = unknown
/usr/bin/oslevel       = unknown
/bin/universe          = unknown

PATH: /home/eddie/Documents/xv6-public/barebones-toolchain-i686-elf/cross/i686/bin
PATH: /home/eddie/bin
PATH: /home/eddie/.local/bin
PATH: /usr/local/sbin
PATH: /usr/local/bin
PATH: /usr/sbin
PATH: /usr/bin
PATH: /sbin
PATH: /bin
PATH: /usr/games
PATH: /usr/local/games
PATH: /snap/bin


## ----------- ##
## Core tests. ##
## ----------- ##

configure:2126: creating cache ./config.cache
configure:2464: checking build system type
configure:2478: result: i686-pc-linux-gnu
configure:2498: checking host system type
configure:2511: result: i686-elf-xv6
configure:2547: checking for a BSD-compatible install
configure:2615: result: /usr/bin/install -c
configure:2626: checking whether build environment is sane
configure:2676: result: yes
configure:2725: checking for i686-elf-xv6-strip
configure:2752: result: i686-elf-xv6-strip
configure:2817: checking for a thread-safe mkdir -p
configure:2856: result: /bin/mkdir -p
configure:2869: checking for gawk
configure:2896: result: mawk
configure:2907: checking whether make sets $(MAKE)
configure:2929: result: yes
configure:2959: checking for style of include used by make
configure:2987: result: GNU
configure:3197: checking for gcc
configure:3224: result: i686-elf-gcc -B/home/eddie/Documents/xv6-public/xv6-newlib/i686-elf-xv6/newlib/ -isystem /home/eddie/Documents/xv6-public/xv6-newlib/i686-elf-xv6/newlib/targ-include -isystem /home/eddie/Documents/xv6-public/xv6-newlib/newlib/libc/include -B/home/eddie/Documents/xv6-public/xv6-newlib/i686-elf-xv6/libgloss/i386 -L/home/eddie/Documents/xv6-public/xv6-newlib/i686-elf-xv6/libgloss/libnosys -L/home/eddie/Documents/xv6-public/xv6-newlib/libgloss/i386   
configure:3235: checking dependency style of i686-elf-gcc -B/home/eddie/Documents/xv6-public/xv6-newlib/i686-elf-xv6/newlib/ -isystem /home/eddie/Documents/xv6-public/xv6-newlib/i686-elf-xv6/newlib/targ-include -isystem /home/eddie/Documents/xv6-public/xv6-newlib/newlib/libc/include -B/home/eddie/Documents/xv6-public/xv6-newlib/i686-elf-xv6/libgloss/i386 -L/home/eddie/Documents/xv6-public/xv6-newlib/i686-elf-xv6/libgloss/libnosys -L/home/eddie/Documents/xv6-public/xv6-newlib/libgloss/i386   
configure:3346: result: gcc3
configure:3419: checking whether we are using GNU C
configure:3430: i686-elf-gcc -B/home/eddie/Documents/xv6-public/xv6-newlib/i686-elf-xv6/newlib/ -isystem /home/eddie/Documents/xv6-public/xv6-newlib/i686-elf-xv6/newlib/targ-include -isystem /home/eddie/Documents/xv6-public/xv6-newlib/newlib/libc/include -B/home/eddie/Documents/xv6-public/xv6-newlib/i686-elf-xv6/libgloss/i386 -L/home/eddie/Documents/xv6-public/xv6-newlib/i686-elf-xv6/libgloss/libnosys -L/home/eddie/Documents/xv6-public/xv6-newlib/libgloss/i386    -E conftest.c
configure:3433: $? = 0
configure:3440: result: yes
configure:3449: checking whether i686-elf-gcc -B/home/eddie/Documents/xv6-public/xv6-newlib/i686-elf-xv6/newlib/ -isystem /home/eddie/Documents/xv6-public/xv6-newlib/i686-elf-xv6/newlib/targ-include -isystem /home/eddie/Documents/xv6-public/xv6-newlib/newlib/libc/include -B/home/eddie/Documents/xv6-public/xv6-newlib/i686-elf-xv6/libgloss/i386 -L/home/eddie/Documents/xv6-public/xv6-newlib/i686-elf-xv6/libgloss/libnosys -L/home/eddie/Documents/xv6-public/xv6-newlib/libgloss/i386    accepts -g
configure:3469: i686-elf-gcc -B/home/eddie/Documents/xv6-public/xv6-newlib/i686-elf-xv6/newlib/ -isystem /home/eddie/Documents/xv6-public/xv6-newlib/i686-elf-xv6/newlib/targ-include -isystem /home/eddie/Documents/xv6-public/xv6-newlib/newlib/libc/include -B/home/eddie/Documents/xv6-public/xv6-newlib/i686-elf-xv6/libgloss/i386 -L/home/eddie/Documents/xv6-public/xv6-newlib/i686-elf-xv6/libgloss/libnosys -L/home/eddie/Documents/xv6-public/xv6-newlib/libgloss/i386    -c -g  conftest.c >&5
configure:3469: $? = 0
configure: failed program was:
| /* confdefs.h */
| #define PACKAGE_NAME "newlib"
| #define PACKAGE_TARNAME "newlib"
| #define PACKAGE_VERSION "2.1.0"
| #define PACKAGE_STRING "newlib 2.1.0"
| #define PACKAGE_BUGREPORT ""
| #define PACKAGE_URL ""
| /* end confdefs.h.  */
| 
| int
| main ()
| {
| 
|   ;
|   return 0;
| }
configure:3484: i686-elf-gcc -B/home/eddie/Documents/xv6-public/xv6-newlib/i686-elf-xv6/newlib/ -isystem /home/eddie/Documents/xv6-public/xv6-newlib/i686-elf-xv6/newlib/targ-include -isystem /home/eddie/Documents/xv6-public/xv6-newlib/newlib/libc/include -B/home/eddie/Documents/xv6-public/xv6-newlib/i686-elf-xv6/libgloss/i386 -L/home/eddie/Documents/xv6-public/xv6-newlib/i686-elf-xv6/libgloss/libnosys -L/home/eddie/Documents/xv6-public/xv6-newlib/libgloss/i386    -c   conftest.c >&5
configure:3484: $? = 0
configure: failed program was:
| /* confdefs.h */
| #define PACKAGE_NAME "newlib"
| #define PACKAGE_TARNAME "newlib"
| #define PACKAGE_VERSION "2.1.0"
| #define PACKAGE_STRING "newlib 2.1.0"
| #define PACKAGE_BUGREPORT ""
| #define PACKAGE_URL ""
| /* end confdefs.h.  */
| 
| int
| main ()
| {
| 
|   ;
|   return 0;
| }
configure:3500: i686-elf-gcc -B/home/eddie/Documents/xv6-public/xv6-newlib/i686-elf-xv6/newlib/ -isystem /home/eddie/Documents/xv6-public/xv6-newlib/i686-elf-xv6/newlib/targ-include -isystem /home/eddie/Documents/xv6-public/xv6-newlib/newlib/libc/include -B/home/eddie/Documents/xv6-public/xv6-newlib/i686-elf-xv6/libgloss/i386 -L/home/eddie/Documents/xv6-public/xv6-newlib/i686-elf-xv6/libgloss/libnosys -L/home/eddie/Documents/xv6-public/xv6-newlib/libgloss/i386    -c -g  conftest.c >&5
configure:3500: $? = 0
configure: failed program was:
| /* confdefs.h */
| #define PACKAGE_NAME "newlib"
| #define PACKAGE_TARNAME "newlib"
| #define PACKAGE_VERSION "2.1.0"
| #define PACKAGE_STRING "newlib 2.1.0"
| #define PACKAGE_BUGREPORT ""
| #define PACKAGE_URL ""
| /* end confdefs.h.  */
| 
| int
| main ()
| {
| 
|   ;
|   return 0;
| }
configure:3510: result: no
configure:3543: checking for i686-elf-xv6-as
configure:3570: result: i686-elf-as
configure:3635: checking for i686-elf-xv6-ar
configure:3662: result: i686-elf-ar
configure:3727: checking for i686-elf-xv6-ranlib
configure:3754: result: i686-elf-ranlib
configure:3819: checking for i686-elf-xv6-readelf
configure:3846: result: i686-elf-xv6-readelf
configure:3915: checking whether to enable maintainer-specific portions of Makefiles
configure:3924: result: no
configure:4034: checking for a sed that does not truncate output
configure:4098: result: /bin/sed
configure:4120: checking how to print strings
configure:4147: result: printf
configure:4172: checking for gawk
configure:4199: result: mawk
configure:12470: checking for .preinit_array/.init_array/.fini_array support
configure:12483: i686-elf-gcc -B/home/eddie/Documents/xv6-public/xv6-newlib/i686-elf-xv6/newlib/ -isystem /home/eddie/Documents/xv6-public/xv6-newlib/i686-elf-xv6/newlib/targ-include -isystem /home/eddie/Documents/xv6-public/xv6-newlib/newlib/libc/include -B/home/eddie/Documents/xv6-public/xv6-newlib/i686-elf-xv6/libgloss/i386 -L/home/eddie/Documents/xv6-public/xv6-newlib/i686-elf-xv6/libgloss/libnosys -L/home/eddie/Documents/xv6-public/xv6-newlib/libgloss/i386    -g -O2  -c -o conftest conftest.c
							1>&5
configure:12486: $? = 0
configure:12499: result: no
configure:12510: checking if i686-elf-gcc -B/home/eddie/Documents/xv6-public/xv6-newlib/i686-elf-xv6/newlib/ -isystem /home/eddie/Documents/xv6-public/xv6-newlib/i686-elf-xv6/newlib/targ-include -isystem /home/eddie/Documents/xv6-public/xv6-newlib/newlib/libc/include -B/home/eddie/Documents/xv6-public/xv6-newlib/i686-elf-xv6/libgloss/i386 -L/home/eddie/Documents/xv6-public/xv6-newlib/i686-elf-xv6/libgloss/libnosys -L/home/eddie/Documents/xv6-public/xv6-newlib/libgloss/i386    accepts -fno-tree-loop-distribute-patterns with __attribute__ ((__optimize__))
configure:12524: i686-elf-gcc -B/home/eddie/Documents/xv6-public/xv6-newlib/i686-elf-xv6/newlib/ -isystem /home/eddie/Documents/xv6-public/xv6-newlib/i686-elf-xv6/newlib/targ-include -isystem /home/eddie/Documents/xv6-public/xv6-newlib/newlib/libc/include -B/home/eddie/Documents/xv6-public/xv6-newlib/i686-elf-xv6/libgloss/i386 -L/home/eddie/Documents/xv6-public/xv6-newlib/i686-elf-xv6/libgloss/libnosys -L/home/eddie/Documents/xv6-public/xv6-newlib/libgloss/i386    -g -O2  -c
			    -fno-tree-loop-distribute-patterns conftest.c
configure:12527: $? = 0
configure:12534: result: yes
configure:12542: checking whether long double type exists
configure:12562: i686-elf-gcc -B/home/eddie/Documents/xv6-public/xv6-newlib/i686-elf-xv6/newlib/ -isystem /home/eddie/Documents/xv6-public/xv6-newlib/i686-elf-xv6/newlib/targ-include -isystem /home/eddie/Documents/xv6-public/xv6-newlib/newlib/libc/include -B/home/eddie/Documents/xv6-public/xv6-newlib/i686-elf-xv6/libgloss/i386 -L/home/eddie/Documents/xv6-public/xv6-newlib/i686-elf-xv6/libgloss/libnosys -L/home/eddie/Documents/xv6-public/xv6-newlib/libgloss/i386    -g -O2  -c -o conftest.o conftest.c
							1>&5
configure:12565: $? = 0
configure:12574: result: yes
configure:12591: checking whether long double equals double
configure:12607: i686-elf-gcc -B/home/eddie/Documents/xv6-public/xv6-newlib/i686-elf-xv6/newlib/ -isystem /home/eddie/Documents/xv6-public/xv6-newlib/i686-elf-xv6/newlib/targ-include -isystem /home/eddie/Documents/xv6-public/xv6-newlib/newlib/libc/include -B/home/eddie/Documents/xv6-public/xv6-newlib/i686-elf-xv6/libgloss/i386 -L/home/eddie/Documents/xv6-public/xv6-newlib/i686-elf-xv6/libgloss/libnosys -L/home/eddie/Documents/xv6-public/xv6-newlib/libgloss/i386    -g -O2  -c -o conftest.o conftest.c
							1>&5
conftest.c:5:4: error: #error "LDBL != DBL"
   #error "LDBL != DBL"
    ^~~~~
configure:12610: $? = 1
configure:12619: result: no
configure:12697: updating cache ./config.cache
configure:12810: creating ./config.status

## ---------------------- ##
## Running config.status. ##
## ---------------------- ##

This file was extended by newlib config.status 2.1.0, which was
generated by GNU Autoconf 2.68.  Invocation command line was

  CONFIG_FILES    = 
  CONFIG_HEADERS  = 
  CONFIG_LINKS    = 
  CONFIG_COMMANDS = 
  $ ./config.status 

on eddie-VirtualBox

config.status:1144: creating Makefile
config.status:1144: creating newlib.h
config.status:1358: executing depfiles commands
configure:15129: === configuring in libc (/home/eddie/Documents/xv6-public/xv6-newlib/i686-elf-xv6/newlib/libc)
configure:15192: running /bin/bash ../../.././newlib/libc/configure --disable-option-checking '--prefix=/usr/local'  '--with-newlib' '--enable-multilib' '--with-cross-host=i686-pc-linux-gnu' '--program-transform-name=s&^&i686-elf-xv6-&' '--with-target-subdir=i686-elf-xv6' '--build=i686-pc-linux-gnu' '--host=i686-elf-xv6' '--target=i686-elf-xv6' 'build_alias=i686-pc-linux-gnu' 'host_alias=i686-elf-xv6' 'target_alias=i686-elf-xv6' 'CC=i686-elf-gcc -B/home/eddie/Documents/xv6-public/xv6-newlib/i686-elf-xv6/newlib/ -isystem /home/eddie/Documents/xv6-public/xv6-newlib/i686-elf-xv6/newlib/targ-include -isystem /home/eddie/Documents/xv6-public/xv6-newlib/newlib/libc/include -B/home/eddie/Documents/xv6-public/xv6-newlib/i686-elf-xv6/libgloss/i386 -L/home/eddie/Documents/xv6-public/xv6-newlib/i686-elf-xv6/libgloss/libnosys -L/home/eddie/Documents/xv6-public/xv6-newlib/libgloss/i386   ' 'CFLAGS=-g -O2' 'LDFLAGS=' 'CPPFLAGS=' --cache-file=.././config.cache --srcdir=../../.././newlib/libc
configure:15129: === configuring in libm (/home/eddie/Documents/xv6-public/xv6-newlib/i686-elf-xv6/newlib/libm)
configure:15192: running /bin/bash ../../.././newlib/libm/configure --disable-option-checking '--prefix=/usr/local'  '--with-newlib' '--enable-multilib' '--with-cross-host=i686-pc-linux-gnu' '--program-transform-name=s&^&i686-elf-xv6-&' '--with-target-subdir=i686-elf-xv6' '--build=i686-pc-linux-gnu' '--host=i686-elf-xv6' '--target=i686-elf-xv6' 'build_alias=i686-pc-linux-gnu' 'host_alias=i686-elf-xv6' 'target_alias=i686-elf-xv6' 'CC=i686-elf-gcc -B/home/eddie/Documents/xv6-public/xv6-newlib/i686-elf-xv6/newlib/ -isystem /home/eddie/Documents/xv6-public/xv6-newlib/i686-elf-xv6/newlib/targ-include -isystem /home/eddie/Documents/xv6-public/xv6-newlib/newlib/libc/include -B/home/eddie/Documents/xv6-public/xv6-newlib/i686-elf-xv6/libgloss/i386 -L/home/eddie/Documents/xv6-public/xv6-newlib/i686-elf-xv6/libgloss/libnosys -L/home/eddie/Documents/xv6-public/xv6-newlib/libgloss/i386   ' 'CFLAGS=-g -O2' 'LDFLAGS=' 'CPPFLAGS=' --cache-file=.././config.cache --srcdir=../../.././newlib/libm
configure:15129: === configuring in doc (/home/eddie/Documents/xv6-public/xv6-newlib/i686-elf-xv6/newlib/doc)
configure:15192: running /bin/bash ../../.././newlib/doc/configure --disable-option-checking '--prefix=/usr/local'  '--with-newlib' '--enable-multilib' '--with-cross-host=i686-pc-linux-gnu' '--program-transform-name=s&^&i686-elf-xv6-&' '--with-target-subdir=i686-elf-xv6' '--build=i686-pc-linux-gnu' '--host=i686-elf-xv6' '--target=i686-elf-xv6' 'build_alias=i686-pc-linux-gnu' 'host_alias=i686-elf-xv6' 'target_alias=i686-elf-xv6' 'CC=i686-elf-gcc -B/home/eddie/Documents/xv6-public/xv6-newlib/i686-elf-xv6/newlib/ -isystem /home/eddie/Documents/xv6-public/xv6-newlib/i686-elf-xv6/newlib/targ-include -isystem /home/eddie/Documents/xv6-public/xv6-newlib/newlib/libc/include -B/home/eddie/Documents/xv6-public/xv6-newlib/i686-elf-xv6/libgloss/i386 -L/home/eddie/Documents/xv6-public/xv6-newlib/i686-elf-xv6/libgloss/libnosys -L/home/eddie/Documents/xv6-public/xv6-newlib/libgloss/i386   ' 'CFLAGS=-g -O2' 'LDFLAGS=' 'CPPFLAGS=' --cache-file=.././config.cache --srcdir=../../.././newlib/doc

## ---------------- ##
## Cache variables. ##
## ---------------- ##

ac_cv_build=i686-pc-linux-gnu
ac_cv_c_compiler_gnu=yes
ac_cv_env_CCASFLAGS_set=
ac_cv_env_CCASFLAGS_value=
ac_cv_env_CCAS_set=
ac_cv_env_CCAS_value=
ac_cv_env_CC_set=set
ac_cv_env_CC_value='i686-elf-gcc -B/home/eddie/Documents/xv6-public/xv6-newlib/i686-elf-xv6/newlib/ -isystem /home/eddie/Documents/xv6-public/xv6-newlib/i686-elf-xv6/newlib/targ-include -isystem /home/eddie/Documents/xv6-public/xv6-newlib/newlib/libc/include -B/home/eddie/Documents/xv6-public/xv6-newlib/i686-elf-xv6/libgloss/i386 -L/home/eddie/Documents/xv6-public/xv6-newlib/i686-elf-xv6/libgloss/libnosys -L/home/eddie/Documents/xv6-public/xv6-newlib/libgloss/i386   '
ac_cv_env_CFLAGS_set=set
ac_cv_env_CFLAGS_value='-g -O2'
ac_cv_env_CPPFLAGS_set=set
ac_cv_env_CPPFLAGS_value=
ac_cv_env_CPP_set=
ac_cv_env_CPP_value=
ac_cv_env_LDFLAGS_set=set
ac_cv_env_LDFLAGS_value=
ac_cv_env_LIBS_set=
ac_cv_env_LIBS_value=
ac_cv_env_build_alias_set=set
ac_cv_env_build_alias_value=i686-pc-linux-gnu
ac_cv_env_host_alias_set=set
ac_cv_env_host_alias_value=i686-elf-xv6
ac_cv_env_target_alias_set=set
ac_cv_env_target_alias_value=i686-elf-xv6
ac_cv_host=i686-elf-xv6
ac_cv_path_SED=/bin/sed
ac_cv_path_mkdir=/bin/mkdir
ac_cv_prog_AR=i686-elf-ar
ac_cv_prog_AS=i686-elf-as
ac_cv_prog_AWK=mawk
ac_cv_prog_CC='i686-elf-gcc -B/home/eddie/Documents/xv6-public/xv6-newlib/i686-elf-xv6/newlib/ -isystem /home/eddie/Documents/xv6-public/xv6-newlib/i686-elf-xv6/newlib/targ-include -isystem /home/eddie/Documents/xv6-public/xv6-newlib/newlib/libc/include -B/home/eddie/Documents/xv6-public/xv6-newlib/i686-elf-xv6/libgloss/i386 -L/home/eddie/Documents/xv6-public/xv6-newlib/i686-elf-xv6/libgloss/libnosys -L/home/eddie/Documents/xv6-public/xv6-newlib/libgloss/i386   '
ac_cv_prog_RANLIB=i686-elf-ranlib
ac_cv_prog_READELF=i686-elf-xv6-readelf
ac_cv_prog_STRIP=i686-elf-xv6-strip
ac_cv_prog_cc_g=no
ac_cv_prog_make_make_set=yes
acnewlib_cv_type_long_double=yes
am_cv_CC_dependencies_compiler_type=gcc3
libc_cv_cc_loop_to_function=yes
libc_cv_initfinit_array=no
newlib_cv_ldbl_eq_dbl=no

## ----------------- ##
## Output variables. ##
## ----------------- ##

ACLOCAL='${SHELL} /home/eddie/Documents/xv6-public/xv6-newlib/missing --run aclocal-1.11'
AMDEPBACKSLASH='\'
AMDEP_FALSE='#'
AMDEP_TRUE=''
AMTAR='$${TAR-tar}'
AR='i686-elf-ar'
AS='i686-elf-as'
AUTOCONF='${SHELL} /home/eddie/Documents/xv6-public/xv6-newlib/missing --run autoconf'
AUTOHEADER='${SHELL} /home/eddie/Documents/xv6-public/xv6-newlib/missing --run autoheader'
AUTOMAKE='${SHELL} /home/eddie/Documents/xv6-public/xv6-newlib/missing --run automake-1.11'
AWK='mawk'
CC='i686-elf-gcc -B/home/eddie/Documents/xv6-public/xv6-newlib/i686-elf-xv6/newlib/ -isystem /home/eddie/Documents/xv6-public/xv6-newlib/i686-elf-xv6/newlib/targ-include -isystem /home/eddie/Documents/xv6-public/xv6-newlib/newlib/libc/include -B/home/eddie/Documents/xv6-public/xv6-newlib/i686-elf-xv6/libgloss/i386 -L/home/eddie/Documents/xv6-public/xv6-newlib/i686-elf-xv6/libgloss/libnosys -L/home/eddie/Documents/xv6-public/xv6-newlib/libgloss/i386   '
CCAS='i686-elf-gcc -B/home/eddie/Documents/xv6-public/xv6-newlib/i686-elf-xv6/newlib/ -isystem /home/eddie/Documents/xv6-public/xv6-newlib/i686-elf-xv6/newlib/targ-include -isystem /home/eddie/Documents/xv6-public/xv6-newlib/newlib/libc/include -B/home/eddie/Documents/xv6-public/xv6-newlib/i686-elf-xv6/libgloss/i386 -L/home/eddie/Documents/xv6-public/xv6-newlib/i686-elf-xv6/libgloss/libnosys -L/home/eddie/Documents/xv6-public/xv6-newlib/libgloss/i386   '
CCASFLAGS='-g -O2'
CCDEPMODE='depmode=gcc3'
CC_FOR_BUILD='gcc'
CC_FOR_NEWLIB='i686-elf-gcc -B/home/eddie/Documents/xv6-public/xv6-newlib/i686-elf-xv6/newlib/ -isystem /home/eddie/Documents/xv6-public/xv6-newlib/i686-elf-xv6/newlib/targ-include -isystem /home/eddie/Documents/xv6-public/xv6-newlib/newlib/libc/include -B/home/eddie/Documents/xv6-public/xv6-newlib/i686-elf-xv6/libgloss/i386 -L/home/eddie/Documents/xv6-public/xv6-newlib/i686-elf-xv6/libgloss/libnosys -L/home/eddie/Documents/xv6-public/xv6-newlib/libgloss/i386   '
CFLAGS='-g -O2'
CPP=''
CPPFLAGS=''
CRT0='crt0.o'
CRT0_DIR='libc/'
CRT1=''
CRT1_DIR=''
CYGPATH_W='echo'
DEFS='-DHAVE_CONFIG_H'
DEPDIR='.deps'
DLLTOOL='i686-elf-xv6-dlltool'
DSYMUTIL=''
DUMPBIN=''
ECHO_C=''
ECHO_N='-n'
ECHO_T=''
EGREP=''
ELIX_LEVEL_0_FALSE='#'
ELIX_LEVEL_0_TRUE=''
ELIX_LEVEL_1_FALSE=''
ELIX_LEVEL_1_TRUE='#'
ELIX_LEVEL_2_FALSE=''
ELIX_LEVEL_2_TRUE='#'
ELIX_LEVEL_3_FALSE=''
ELIX_LEVEL_3_TRUE='#'
ELIX_LEVEL_4_FALSE=''
ELIX_LEVEL_4_TRUE='#'
EXEEXT=''
EXTRA_DIRS=''
FGREP=''
GREP=''
HAVE_DOC_FALSE='#'
HAVE_DOC_TRUE=''
HAVE_LONG_DOUBLE_FALSE='#'
HAVE_LONG_DOUBLE_TRUE=''
INSTALL_DATA='/usr/bin/install -c -m 644'
INSTALL_PROGRAM='/usr/bin/install -c'
INSTALL_SCRIPT='/usr/bin/install -c'
INSTALL_STRIP_PROGRAM='$(install_sh) -c -s'
LD='i686-elf-ld'
LDFLAGS=''
LIBM_MACHINE_OBJECTLIST='libm/machine/i386/objectlist.awk.in'
LIBOBJS=''
LIBS=''
LIBTOOL=''
LIPO='i686-elf-xv6-lipo'
LN_S=''
LTLIBOBJS=''
MACHINE_OBJECTLIST='libc/machine/i386/objectlist.awk.in'
MAINT='#'
MAINTAINER_MODE_FALSE=''
MAINTAINER_MODE_TRUE='#'
MAKEINFO='makeinfo --split-size=5000000'
MAY_SUPPLY_SYSCALLS_FALSE='#'
MAY_SUPPLY_SYSCALLS_TRUE=''
MKDIR_P='/bin/mkdir -p'
NEWLIB_CFLAGS=' -D_I386MACH_ALLOW_HW_INTERRUPTS -DMISSING_SYSCALL_NAMES -fno-builtin'
NEWLIB_HW_FP_FALSE=''
NEWLIB_HW_FP_TRUE='#'
NM='i686-elf-xv6-nm'
NMEDIT=''
NO_INCLUDE_LIST=' rpc/types.h rpc/xdr.h'
OBJDUMP='i686-elf-xv6-objdump'
OBJEXT='o'
OTOOL64=''
OTOOL=''
PACKAGE='newlib'
PACKAGE_BUGREPORT=''
PACKAGE_NAME='newlib'
PACKAGE_STRING='newlib 2.1.0'
PACKAGE_TARNAME='newlib'
PACKAGE_URL=''
PACKAGE_VERSION='2.1.0'
PATH_SEPARATOR=':'
POSIX_OBJECTLIST=''
RANLIB='i686-elf-ranlib'
READELF='i686-elf-xv6-readelf'
SED='/bin/sed'
SET_MAKE=''
SHELL='/bin/bash'
SIGNAL_OBJECTLIST='libc/signal/objectlist.awk.in'
STDIO64_OBJECTLIST=''
STRIP='i686-elf-xv6-strip'
SYSCALL_OBJECTLIST=''
SYS_MACH_OBJECTLIST=''
SYS_OBJECTLIST='libc/sys/xv6/objectlist.awk.in'
UNIX_OBJECTLIST=''
USE_LIBTOOL_FALSE=''
USE_LIBTOOL_TRUE='#'
VERSION='2.1.0'
ac_ct_CC=''
ac_ct_DUMPBIN=''
aext='a'
am__EXEEXT_FALSE=''
am__EXEEXT_TRUE='#'
am__fastdepCC_FALSE='#'
am__fastdepCC_TRUE=''
am__include='include'
am__isrc=' -I$(srcdir)'
am__leading_dot='.'
am__nodep='_no'
am__quote=''
am__tar='$${TAR-tar} chof - "$$tardir"'
am__untar='$${TAR-tar} xf -'
bindir='${exec_prefix}/bin'
build='i686-pc-linux-gnu'
build_alias='i686-pc-linux-gnu'
build_cpu='i686'
build_os='linux-gnu'
build_vendor='pc'
datadir='${datarootdir}'
datarootdir='${prefix}/share'
docdir='${datarootdir}/doc/${PACKAGE_TARNAME}'
dvidir='${docdir}'
exec_prefix='${prefix}'
host='i686-elf-xv6'
host_alias='i686-elf-xv6'
host_cpu='i686'
host_os='xv6'
host_vendor='elf'
htmldir='${docdir}'
includedir='${prefix}/include'
infodir='${datarootdir}/info'
install_sh='${SHELL} /home/eddie/Documents/xv6-public/xv6-newlib/install-sh'
libc_cv_cc_loop_to_function='yes'
libc_cv_initfinit_array='no'
libdir='${exec_prefix}/lib'
libexecdir='${exec_prefix}/libexec'
libm_machine_dir='i386'
localedir='${datarootdir}/locale'
localstatedir='${prefix}/var'
lpfx='lib_a-'
machine_dir='i386'
mandir='${datarootdir}/man'
mkdir_p='/bin/mkdir -p'
newlib_basedir='../.././newlib/.'
oext='o'
oldincludedir='/usr/include'
pdfdir='${docdir}'
prefix='/usr/local'
program_transform_name='s&^&i686-elf-xv6-&'
psdir='${docdir}'
sbindir='${exec_prefix}/sbin'
sharedstatedir='${prefix}/com'
subdirs=' libc libm doc'
sys_dir='xv6'
sysconfdir='${prefix}/etc'
target_alias='i686-elf-xv6'

## ----------- ##
## confdefs.h. ##
## ----------- ##

/* confdefs.h */
#define PACKAGE_NAME "newlib"
#define PACKAGE_TARNAME "newlib"
#define PACKAGE_VERSION "2.1.0"
#define PACKAGE_STRING "newlib 2.1.0"
#define PACKAGE_BUGREPORT ""
#define PACKAGE_URL ""
#define _WANT_IO_LONG_LONG 1
#define _MB_LEN_MAX 1
#define _NEWLIB_VERSION "2.1.0"
#define _ATEXIT_DYNAMIC_ALLOC 1
#define _FVWRITE_IN_STREAMIO 1
#define _FSEEK_OPTIMIZATION 1
#define _WIDE_ORIENT 1
#define _UNBUF_STREAM_OPT 1
#define _HAVE_CC_INHIBIT_LOOP_TO_LIBCALL 1
#define _HAVE_LONG_DOUBLE 1

configure: exit 0
