This file contains any messages produced by compilers while
running configure, to aid debugging if configure makes a mistake.

It was created by configure, which was
generated by GNU Autoconf 2.68.  Invocation command line was

  $ ../../.././libgloss/libnosys/configure --disable-option-checking --prefix=/usr/local --with-newlib --enable-multilib --with-cross-host=i686-pc-linux-gnu --program-transform-name=s&^&i686-elf-xv6-& --with-target-subdir=i686-elf-xv6 --build=i686-pc-linux-gnu --host=i686-elf-xv6 --target=i686-elf-xv6 build_alias=i686-pc-linux-gnu host_alias=i686-elf-xv6 target_alias=i686-elf-xv6 --cache-file=.././config.cache --srcdir=../../.././libgloss/libnosys

## --------- ##
## Platform. ##
## --------- ##

hostname = eddie-VirtualBox
uname -m = i686
uname -r = 4.13.0-45-generic
uname -s = Linux
uname -v = #50~16.04.1-Ubuntu SMP Wed May 30 11:16:09 UTC 2018

/usr/bin/uname -p = unknown
/bin/uname -X     = unknown

/bin/arch              = unknown
/usr/bin/arch -k       = unknown
/usr/convex/getsysinfo = unknown
/usr/bin/hostinfo      = unknown
/bin/machine           = unknown
/usr/bin/oslevel       = unknown
/bin/universe          = unknown

PATH: /home/eddie/Documents/xv6-public/barebones-toolchain-i686-elf/cross/i686/bin
PATH: /home/eddie/bin
PATH: /home/eddie/.local/bin
PATH: /usr/local/sbin
PATH: /usr/local/bin
PATH: /usr/sbin
PATH: /usr/bin
PATH: /sbin
PATH: /bin
PATH: /usr/games
PATH: /usr/local/games
PATH: /snap/bin


## ----------- ##
## Core tests. ##
## ----------- ##

configure:1662: loading cache .././config.cache
configure:1793: checking build system type
configure:1807: result: i686-pc-linux-gnu
configure:1827: checking host system type
configure:1840: result: i686-elf-xv6
configure:1860: checking target system type
configure:1873: result: i686-elf-xv6
configure:1925: checking for a BSD-compatible install
configure:1993: result: /usr/bin/install -c
configure:2146: checking for symbol prefix
configure:2156: i686-elf-gcc -B/home/eddie/Documents/xv6-public/xv6-newlib/i686-elf-xv6/newlib/ -isystem /home/eddie/Documents/xv6-public/xv6-newlib/i686-elf-xv6/newlib/targ-include -isystem /home/eddie/Documents/xv6-public/xv6-newlib/newlib/libc/include -B/home/eddie/Documents/xv6-public/xv6-newlib/i686-elf-xv6/libgloss/i386 -L/home/eddie/Documents/xv6-public/xv6-newlib/i686-elf-xv6/libgloss/libnosys -L/home/eddie/Documents/xv6-public/xv6-newlib/libgloss/i386    -S conftest.c -o - | fgrep $foo > /dev/null
conftest.c:1:1: warning: return type defaults to 'int' [-Wimplicit-int]
 foo () { }
 ^~~
configure:2159: $? = 1
configure:2165: i686-elf-gcc -B/home/eddie/Documents/xv6-public/xv6-newlib/i686-elf-xv6/newlib/ -isystem /home/eddie/Documents/xv6-public/xv6-newlib/i686-elf-xv6/newlib/targ-include -isystem /home/eddie/Documents/xv6-public/xv6-newlib/newlib/libc/include -B/home/eddie/Documents/xv6-public/xv6-newlib/i686-elf-xv6/libgloss/i386 -L/home/eddie/Documents/xv6-public/xv6-newlib/i686-elf-xv6/libgloss/libnosys -L/home/eddie/Documents/xv6-public/xv6-newlib/libgloss/i386    -S conftest.c -o - | fgrep _foo > /dev/null
conftest.c:1:1: warning: return type defaults to 'int' [-Wimplicit-int]
 foo () { }
 ^~~
configure:2168: $? = 1
configure:2176: result: none
configure:2209: checking for style of include used by make
configure:2237: result: GNU
configure:2264: checking for gcc
configure:2291: result: i686-elf-gcc -B/home/eddie/Documents/xv6-public/xv6-newlib/i686-elf-xv6/newlib/ -isystem /home/eddie/Documents/xv6-public/xv6-newlib/i686-elf-xv6/newlib/targ-include -isystem /home/eddie/Documents/xv6-public/xv6-newlib/newlib/libc/include -B/home/eddie/Documents/xv6-public/xv6-newlib/i686-elf-xv6/libgloss/i386 -L/home/eddie/Documents/xv6-public/xv6-newlib/i686-elf-xv6/libgloss/libnosys -L/home/eddie/Documents/xv6-public/xv6-newlib/libgloss/i386   
configure:2302: checking dependency style of i686-elf-gcc -B/home/eddie/Documents/xv6-public/xv6-newlib/i686-elf-xv6/newlib/ -isystem /home/eddie/Documents/xv6-public/xv6-newlib/i686-elf-xv6/newlib/targ-include -isystem /home/eddie/Documents/xv6-public/xv6-newlib/newlib/libc/include -B/home/eddie/Documents/xv6-public/xv6-newlib/i686-elf-xv6/libgloss/i386 -L/home/eddie/Documents/xv6-public/xv6-newlib/i686-elf-xv6/libgloss/libnosys -L/home/eddie/Documents/xv6-public/xv6-newlib/libgloss/i386   
configure:2392: result: gcc3
configure:2467: checking whether we are using GNU C
configure:2488: result: yes
configure:2498: checking whether i686-elf-gcc -B/home/eddie/Documents/xv6-public/xv6-newlib/i686-elf-xv6/newlib/ -isystem /home/eddie/Documents/xv6-public/xv6-newlib/i686-elf-xv6/newlib/targ-include -isystem /home/eddie/Documents/xv6-public/xv6-newlib/newlib/libc/include -B/home/eddie/Documents/xv6-public/xv6-newlib/i686-elf-xv6/libgloss/i386 -L/home/eddie/Documents/xv6-public/xv6-newlib/i686-elf-xv6/libgloss/libnosys -L/home/eddie/Documents/xv6-public/xv6-newlib/libgloss/i386    accepts -g
configure:2559: result: no
configure:2597: checking for i686-elf-xv6-ranlib
configure:2624: result: i686-elf-ranlib
configure:2767: updating cache .././config.cache
configure:2824: creating ./config.status

## ---------------------- ##
## Running config.status. ##
## ---------------------- ##

This file was extended by config.status, which was
generated by GNU Autoconf 2.68.  Invocation command line was

  CONFIG_FILES    = 
  CONFIG_HEADERS  = 
  CONFIG_LINKS    = 
  CONFIG_COMMANDS = 
  $ ./config.status 

on eddie-VirtualBox

config.status:876: creating Makefile
config.status:876: creating config.h
config.status:1055: executing depfiles commands

## ---------------- ##
## Cache variables. ##
## ---------------- ##

ac_cv_build=i686-pc-linux-gnu
ac_cv_c_compiler_gnu=yes
ac_cv_env_CCASFLAGS_set=
ac_cv_env_CCASFLAGS_value=
ac_cv_env_CCAS_set=
ac_cv_env_CCAS_value=
ac_cv_env_build_alias_set=set
ac_cv_env_build_alias_value=i686-pc-linux-gnu
ac_cv_env_host_alias_set=set
ac_cv_env_host_alias_value=i686-elf-xv6
ac_cv_env_target_alias_set=set
ac_cv_env_target_alias_value=i686-elf-xv6
ac_cv_host=i686-elf-xv6
ac_cv_prog_AR=i686-elf-ar
ac_cv_prog_AWK=mawk
ac_cv_prog_CC='i686-elf-gcc -B/home/eddie/Documents/xv6-public/xv6-newlib/i686-elf-xv6/newlib/ -isystem /home/eddie/Documents/xv6-public/xv6-newlib/i686-elf-xv6/newlib/targ-include -isystem /home/eddie/Documents/xv6-public/xv6-newlib/newlib/libc/include -B/home/eddie/Documents/xv6-public/xv6-newlib/i686-elf-xv6/libgloss/i386 -L/home/eddie/Documents/xv6-public/xv6-newlib/i686-elf-xv6/libgloss/libnosys -L/home/eddie/Documents/xv6-public/xv6-newlib/libgloss/i386   '
ac_cv_prog_RANLIB=i686-elf-ranlib
ac_cv_prog_STRIP=i686-elf-xv6-strip
ac_cv_prog_cc_g=no
ac_cv_prog_make_make_set=yes
ac_cv_target=i686-elf-xv6
am_cv_CC_dependencies_compiler_type=gcc3
libc_cv_symbol_prefix=none

## ----------------- ##
## Output variables. ##
## ----------------- ##

AMDEPBACKSLASH='\'
AMDEP_FALSE='#'
AMDEP_TRUE=''
AR='i686-elf-ar'
AS='i686-elf-as'
CC='i686-elf-gcc -B/home/eddie/Documents/xv6-public/xv6-newlib/i686-elf-xv6/newlib/ -isystem /home/eddie/Documents/xv6-public/xv6-newlib/i686-elf-xv6/newlib/targ-include -isystem /home/eddie/Documents/xv6-public/xv6-newlib/newlib/libc/include -B/home/eddie/Documents/xv6-public/xv6-newlib/i686-elf-xv6/libgloss/i386 -L/home/eddie/Documents/xv6-public/xv6-newlib/i686-elf-xv6/libgloss/libnosys -L/home/eddie/Documents/xv6-public/xv6-newlib/libgloss/i386   '
CCAS='i686-elf-gcc -B/home/eddie/Documents/xv6-public/xv6-newlib/i686-elf-xv6/newlib/ -isystem /home/eddie/Documents/xv6-public/xv6-newlib/i686-elf-xv6/newlib/targ-include -isystem /home/eddie/Documents/xv6-public/xv6-newlib/newlib/libc/include -B/home/eddie/Documents/xv6-public/xv6-newlib/i686-elf-xv6/libgloss/i386 -L/home/eddie/Documents/xv6-public/xv6-newlib/i686-elf-xv6/libgloss/libnosys -L/home/eddie/Documents/xv6-public/xv6-newlib/libgloss/i386   '
CCASFLAGS=''
CCDEPMODE='depmode=gcc3'
DEFS='-DHAVE_CONFIG_H'
DEPDIR='.deps'
ECHO_C=''
ECHO_N='-n'
ECHO_T=''
INSTALL_DATA='/usr/bin/install -c -m 644'
INSTALL_PROGRAM='/usr/bin/install -c'
INSTALL_SCRIPT='/usr/bin/install -c'
LD='i686-elf-ld'
LIBOBJS=''
LIBS=''
LTLIBOBJS=''
PACKAGE_BUGREPORT=''
PACKAGE_NAME=''
PACKAGE_STRING=''
PACKAGE_TARNAME=''
PACKAGE_URL=''
PACKAGE_VERSION=''
PATH_SEPARATOR=':'
RANLIB='i686-elf-ranlib'
SHELL='/bin/bash'
am__fastdepCC_FALSE='#'
am__fastdepCC_TRUE=''
am__include='include'
am__leading_dot='.'
am__quote=''
bindir='${exec_prefix}/bin'
build='i686-pc-linux-gnu'
build_alias='i686-pc-linux-gnu'
build_cpu='i686'
build_os='linux-gnu'
build_vendor='pc'
datadir='${datarootdir}'
datarootdir='${prefix}/share'
docdir='${datarootdir}/doc/${PACKAGE}'
dvidir='${docdir}'
exec_prefix='${prefix}'
host='i686-elf-xv6'
host_alias='i686-elf-xv6'
host_cpu='i686'
host_makefile_frag_path='../../.././libgloss/libnosys/../config/default.mh'
host_os='xv6'
host_vendor='elf'
htmldir='${docdir}'
includedir='${prefix}/include'
infodir='${datarootdir}/info'
libdir='${exec_prefix}/lib'
libexecdir='${exec_prefix}/libexec'
localedir='${datarootdir}/locale'
localstatedir='${prefix}/var'
mandir='${datarootdir}/man'
oldincludedir='/usr/include'
pdfdir='${docdir}'
prefix='/usr/local'
program_transform_name='s&^&i686-elf-xv6-&'
psdir='${docdir}'
sbindir='${exec_prefix}/sbin'
sharedstatedir='${prefix}/com'
sysconfdir='${prefix}/etc'
target='i686-elf-xv6'
target_alias='i686-elf-xv6'
target_cpu='i686'
target_os='xv6'
target_vendor='elf'

## ------------------- ##
## File substitutions. ##
## ------------------- ##

host_makefile_frag='../../.././libgloss/libnosys/../config/default.mh'

## ----------- ##
## confdefs.h. ##
## ----------- ##

/* confdefs.h */
#define PACKAGE_NAME ""
#define PACKAGE_TARNAME ""
#define PACKAGE_VERSION ""
#define PACKAGE_STRING ""
#define PACKAGE_BUGREPORT ""
#define PACKAGE_URL ""
#define HAVE_GNU_LD 1
#define MISSING_SYSCALL_NAMES 1
#define __SYMBOL_PREFIX ""

configure: exit 0
