This file contains any messages produced by compilers while
running configure, to aid debugging if configure makes a mistake.

It was created by configure, which was
generated by GNU Autoconf 2.64.  Invocation command line was

  $ ./configure --target=i686-elf-xv6 CC_FOR_TARGET=i686-elf-gcc AS_FOR_TARGET=i686-elf-as LD_FOR_TARGET=i686-elf-ld AR_FOR_TARGET=i686-elf-ar RANLIB_FOR_TARGET=i686-elf-ranlib

## --------- ##
## Platform. ##
## --------- ##

hostname = eddie-VirtualBox
uname -m = i686
uname -r = 4.13.0-45-generic
uname -s = Linux
uname -v = #50~16.04.1-Ubuntu SMP Wed May 30 11:16:09 UTC 2018

/usr/bin/uname -p = unknown
/bin/uname -X     = unknown

/bin/arch              = unknown
/usr/bin/arch -k       = unknown
/usr/convex/getsysinfo = unknown
/usr/bin/hostinfo      = unknown
/bin/machine           = unknown
/usr/bin/oslevel       = unknown
/bin/universe          = unknown

PATH: /home/eddie/Documents/xv6-public/barebones-toolchain-i686-elf/cross/i686/bin
PATH: /home/eddie/bin
PATH: /home/eddie/.local/bin
PATH: /usr/local/sbin
PATH: /usr/local/bin
PATH: /usr/sbin
PATH: /usr/bin
PATH: /sbin
PATH: /bin
PATH: /usr/games
PATH: /usr/local/games
PATH: /snap/bin


## ----------- ##
## Core tests. ##
## ----------- ##

configure:2320: checking build system type
configure:2334: result: i686-pc-linux-gnu
configure:2381: checking host system type
configure:2394: result: i686-pc-linux-gnu
configure:2414: checking target system type
configure:2427: result: i686-elf-xv6
configure:2481: checking for a BSD-compatible install
configure:2549: result: /usr/bin/install -c
configure:2560: checking whether ln works
configure:2582: result: yes
configure:2586: checking whether ln -s works
configure:2590: result: yes
configure:2597: checking for a sed that does not truncate output
configure:2661: result: /bin/sed
configure:2670: checking for gawk
configure:2700: result: no
configure:2670: checking for mawk
configure:2686: found /usr/bin/mawk
configure:2697: result: mawk
configure:3970: checking for gcc
configure:3986: found /usr/bin/gcc
configure:3997: result: gcc
configure:4226: checking for C compiler version
configure:4235: gcc --version >&5
gcc (Ubuntu 5.4.0-6ubuntu1~16.04.10) 5.4.0 20160609
Copyright (C) 2015 Free Software Foundation, Inc.
This is free software; see the source for copying conditions.  There is NO
warranty; not even for MERCHANTABILITY or FITNESS FOR A PARTICULAR PURPOSE.

configure:4246: $? = 0
configure:4235: gcc -v >&5
Using built-in specs.
COLLECT_GCC=gcc
COLLECT_LTO_WRAPPER=/usr/lib/gcc/i686-linux-gnu/5/lto-wrapper
Target: i686-linux-gnu
Configured with: ../src/configure -v --with-pkgversion='Ubuntu 5.4.0-6ubuntu1~16.04.10' --with-bugurl=file:///usr/share/doc/gcc-5/README.Bugs --enable-languages=c,ada,c++,java,go,d,fortran,objc,obj-c++ --prefix=/usr --program-suffix=-5 --enable-shared --enable-linker-build-id --libexecdir=/usr/lib --without-included-gettext --enable-threads=posix --libdir=/usr/lib --enable-nls --with-sysroot=/ --enable-clocale=gnu --enable-libstdcxx-debug --enable-libstdcxx-time=yes --with-default-libstdcxx-abi=new --enable-gnu-unique-object --disable-vtable-verify --enable-libmpx --enable-plugin --with-system-zlib --disable-browser-plugin --enable-java-awt=gtk --enable-gtk-cairo --with-java-home=/usr/lib/jvm/java-1.5.0-gcj-5-i386/jre --enable-java-home --with-jvm-root-dir=/usr/lib/jvm/java-1.5.0-gcj-5-i386 --with-jvm-jar-dir=/usr/lib/jvm-exports/java-1.5.0-gcj-5-i386 --with-arch-directory=i386 --with-ecj-jar=/usr/share/java/eclipse-ecj.jar --enable-objc-gc --enable-targets=all --enable-multiarch --disable-werror --with-arch-32=i686 --with-multilib-list=m32,m64,mx32 --enable-multilib --with-tune=generic --enable-checking=release --build=i686-linux-gnu --host=i686-linux-gnu --target=i686-linux-gnu
Thread model: posix
gcc version 5.4.0 20160609 (Ubuntu 5.4.0-6ubuntu1~16.04.10) 
configure:4246: $? = 0
configure:4235: gcc -V >&5
gcc: error: unrecognized command line option '-V'
gcc: fatal error: no input files
compilation terminated.
configure:4246: $? = 1
configure:4235: gcc -qversion >&5
gcc: error: unrecognized command line option '-qversion'
gcc: fatal error: no input files
compilation terminated.
configure:4246: $? = 1
configure:4266: checking for C compiler default output file name
configure:4288: gcc    conftest.c  >&5
configure:4292: $? = 0
configure:4329: result: a.out
configure:4345: checking whether the C compiler works
configure:4354: ./a.out
configure:4358: $? = 0
configure:4373: result: yes
configure:4380: checking whether we are cross compiling
configure:4382: result: no
configure:4385: checking for suffix of executables
configure:4392: gcc -o conftest    conftest.c  >&5
configure:4396: $? = 0
configure:4418: result: 
configure:4424: checking for suffix of object files
configure:4446: gcc -c   conftest.c >&5
configure:4450: $? = 0
configure:4471: result: o
configure:4475: checking whether we are using the GNU C compiler
configure:4494: gcc -c   conftest.c >&5
configure:4494: $? = 0
configure:4503: result: yes
configure:4512: checking whether gcc accepts -g
configure:4532: gcc -c -g  conftest.c >&5
configure:4532: $? = 0
configure:4573: result: yes
configure:4590: checking for gcc option to accept ISO C89
configure:4654: gcc  -c -g -O2  conftest.c >&5
configure:4654: $? = 0
configure:4667: result: none needed
configure:4745: checking for g++
configure:4761: found /usr/bin/g++
configure:4772: result: g++
configure:4799: checking for C++ compiler version
configure:4808: g++ --version >&5
g++ (Ubuntu 5.4.0-6ubuntu1~16.04.10) 5.4.0 20160609
Copyright (C) 2015 Free Software Foundation, Inc.
This is free software; see the source for copying conditions.  There is NO
warranty; not even for MERCHANTABILITY or FITNESS FOR A PARTICULAR PURPOSE.

configure:4819: $? = 0
configure:4808: g++ -v >&5
Using built-in specs.
COLLECT_GCC=g++
COLLECT_LTO_WRAPPER=/usr/lib/gcc/i686-linux-gnu/5/lto-wrapper
Target: i686-linux-gnu
Configured with: ../src/configure -v --with-pkgversion='Ubuntu 5.4.0-6ubuntu1~16.04.10' --with-bugurl=file:///usr/share/doc/gcc-5/README.Bugs --enable-languages=c,ada,c++,java,go,d,fortran,objc,obj-c++ --prefix=/usr --program-suffix=-5 --enable-shared --enable-linker-build-id --libexecdir=/usr/lib --without-included-gettext --enable-threads=posix --libdir=/usr/lib --enable-nls --with-sysroot=/ --enable-clocale=gnu --enable-libstdcxx-debug --enable-libstdcxx-time=yes --with-default-libstdcxx-abi=new --enable-gnu-unique-object --disable-vtable-verify --enable-libmpx --enable-plugin --with-system-zlib --disable-browser-plugin --enable-java-awt=gtk --enable-gtk-cairo --with-java-home=/usr/lib/jvm/java-1.5.0-gcj-5-i386/jre --enable-java-home --with-jvm-root-dir=/usr/lib/jvm/java-1.5.0-gcj-5-i386 --with-jvm-jar-dir=/usr/lib/jvm-exports/java-1.5.0-gcj-5-i386 --with-arch-directory=i386 --with-ecj-jar=/usr/share/java/eclipse-ecj.jar --enable-objc-gc --enable-targets=all --enable-multiarch --disable-werror --with-arch-32=i686 --with-multilib-list=m32,m64,mx32 --enable-multilib --with-tune=generic --enable-checking=release --build=i686-linux-gnu --host=i686-linux-gnu --target=i686-linux-gnu
Thread model: posix
gcc version 5.4.0 20160609 (Ubuntu 5.4.0-6ubuntu1~16.04.10) 
configure:4819: $? = 0
configure:4808: g++ -V >&5
g++: error: unrecognized command line option '-V'
g++: fatal error: no input files
compilation terminated.
configure:4819: $? = 1
configure:4808: g++ -qversion >&5
g++: error: unrecognized command line option '-qversion'
g++: fatal error: no input files
compilation terminated.
configure:4819: $? = 1
configure:4823: checking whether we are using the GNU C++ compiler
configure:4842: g++ -c   conftest.cpp >&5
configure:4842: $? = 0
configure:4851: result: yes
configure:4860: checking whether g++ accepts -g
configure:4880: g++ -c -g  conftest.cpp >&5
configure:4880: $? = 0
configure:4921: result: yes
configure:4970: checking whether g++ accepts -static-libstdc++ -static-libgcc
configure:4987: g++ -o conftest -g -O2   -static-libstdc++ -static-libgcc conftest.cpp  >&5
configure:4987: $? = 0
configure:4988: result: yes
configure:5052: checking for gnatbind
configure:5082: result: no
configure:5144: checking for gnatmake
configure:5174: result: no
configure:5193: checking whether compiler driver understands Ada
configure:5216: result: no
configure:5225: checking how to compare bootstrapped objects
configure:5250: result: cmp --ignore-initial=16 $$f1 $$f2
configure:5304: checking for objdir
configure:5319: result: .libs
configure:5891: checking for version 0.10 of ISL
configure:5910: gcc -o conftest -g -O2      conftest.c  -lisl >&5
conftest.c:10:25: fatal error: isl/version.h: No such file or directory
compilation terminated.
configure:5910: $? = 1
configure: program exited with status 1
configure: failed program was:
| /* confdefs.h */
| #define PACKAGE_NAME ""
| #define PACKAGE_TARNAME ""
| #define PACKAGE_VERSION ""
| #define PACKAGE_STRING ""
| #define PACKAGE_BUGREPORT ""
| #define PACKAGE_URL ""
| #define LT_OBJDIR ".libs/"
| /* end confdefs.h.  */
| #include <isl/version.h>
|    #include <string.h>
| int
| main ()
| {
| if (strncmp (isl_version (), "isl-0.10", strlen ("isl-0.10")) != 0)
|      return 1;
| 
|   ;
|   return 0;
| }
configure:5919: result: no
configure:5939: checking for version 0.11 of ISL
configure:5958: gcc -o conftest -g -O2      conftest.c  -lisl >&5
conftest.c:10:25: fatal error: isl/version.h: No such file or directory
compilation terminated.
configure:5958: $? = 1
configure: program exited with status 1
configure: failed program was:
| /* confdefs.h */
| #define PACKAGE_NAME ""
| #define PACKAGE_TARNAME ""
| #define PACKAGE_VERSION ""
| #define PACKAGE_STRING ""
| #define PACKAGE_BUGREPORT ""
| #define PACKAGE_URL ""
| #define LT_OBJDIR ".libs/"
| /* end confdefs.h.  */
| #include <isl/version.h>
|    #include <string.h>
| int
| main ()
| {
| if (strncmp (isl_version (), "isl-0.11", strlen ("isl-0.11")) != 0)
|      return 1;
| 
|   ;
|   return 0;
| }
configure:5967: result: no
configure:5987: checking for version 0.12 of ISL
configure:6006: gcc -o conftest -g -O2      conftest.c  -lisl >&5
conftest.c:10:25: fatal error: isl/version.h: No such file or directory
compilation terminated.
configure:6006: $? = 1
configure: program exited with status 1
configure: failed program was:
| /* confdefs.h */
| #define PACKAGE_NAME ""
| #define PACKAGE_TARNAME ""
| #define PACKAGE_VERSION ""
| #define PACKAGE_STRING ""
| #define PACKAGE_BUGREPORT ""
| #define PACKAGE_URL ""
| #define LT_OBJDIR ".libs/"
| /* end confdefs.h.  */
| #include <isl/version.h>
|    #include <string.h>
| int
| main ()
| {
| if (strncmp (isl_version (), "isl-0.12", strlen ("isl-0.12")) != 0)
|      return 1;
| 
|   ;
|   return 0;
| }
configure:6015: result: no
configure:7178: checking for default BUILD_CONFIG
configure:7210: result: 
configure:7699: checking for bison
configure:7729: result: no
configure:7699: checking for byacc
configure:7729: result: no
configure:7699: checking for yacc
configure:7729: result: no
configure:7746: checking for bison
configure:7776: result: no
configure:7793: checking for gm4
configure:7823: result: no
configure:7793: checking for gnum4
configure:7823: result: no
configure:7793: checking for m4
configure:7823: result: no
configure:7840: checking for flex
configure:7870: result: no
configure:7840: checking for lex
configure:7870: result: no
configure:7888: checking for flex
configure:7918: result: no
configure:7935: checking for makeinfo
configure:7951: found /usr/bin/makeinfo
configure:7962: result: makeinfo
configure:7996: checking for expect
configure:8026: result: no
configure:8045: checking for runtest
configure:8075: result: no
configure:8190: checking for ar
configure:8206: found /usr/bin/ar
configure:8217: result: ar
configure:8331: checking for as
configure:8347: found /usr/bin/as
configure:8358: result: as
configure:8472: checking for dlltool
configure:8502: result: no
configure:8613: checking for ld
configure:8629: found /usr/bin/ld
configure:8640: result: ld
configure:8754: checking for lipo
configure:8784: result: no
configure:8895: checking for nm
configure:8911: found /usr/bin/nm
configure:8922: result: nm
configure:9036: checking for ranlib
configure:9052: found /usr/bin/ranlib
configure:9063: result: ranlib
configure:9172: checking for strip
configure:9188: found /usr/bin/strip
configure:9199: result: strip
configure:9308: checking for windres
configure:9338: result: no
configure:9449: checking for windmc
configure:9479: result: no
configure:9590: checking for objcopy
configure:9606: found /usr/bin/objcopy
configure:9617: result: objcopy
configure:9731: checking for objdump
configure:9747: found /usr/bin/objdump
configure:9758: result: objdump
configure:9872: checking for readelf
configure:9888: found /usr/bin/readelf
configure:9899: result: readelf
configure:9954: checking for cc
configure:9981: result: i686-elf-gcc
configure:9954: checking for gcc
configure:9981: result: i686-elf-gcc
configure:10174: checking for i686-elf-xv6-c++
configure:10204: result: no
configure:10174: checking for i686-elf-xv6-g++
configure:10204: result: no
configure:10174: checking for i686-elf-xv6-cxx
configure:10204: result: no
configure:10174: checking for i686-elf-xv6-gxx
configure:10204: result: no
configure:10335: checking for i686-elf-xv6-gcc
configure:10365: result: no
configure:10491: checking for i686-elf-xv6-gcj
configure:10521: result: no
configure:10652: checking for i686-elf-xv6-gfortran
configure:10682: result: no
configure:10813: checking for i686-elf-xv6-gccgo
configure:10843: result: no
configure:10995: checking for ar
configure:11022: result: i686-elf-ar
configure:11225: checking for as
configure:11252: result: i686-elf-as
configure:11514: checking for i686-elf-xv6-dlltool
configure:11544: result: no
configure:11685: checking for ld
configure:11712: result: i686-elf-ld
configure:11974: checking for i686-elf-xv6-lipo
configure:12004: result: no
configure:12204: checking for i686-elf-xv6-nm
configure:12234: result: no
configure:12434: checking for i686-elf-xv6-objdump
configure:12464: result: no
configure:12605: checking for ranlib
configure:12632: result: i686-elf-ranlib
configure:12894: checking for i686-elf-xv6-readelf
configure:12924: result: no
configure:13124: checking for i686-elf-xv6-strip
configure:13154: result: no
configure:13354: checking for i686-elf-xv6-windres
configure:13384: result: no
configure:13584: checking for i686-elf-xv6-windmc
configure:13614: result: no
configure:13681: checking where to find the target ar
configure:13718: result: pre-installed
configure:13723: checking where to find the target as
configure:13760: result: pre-installed
configure:13765: checking where to find the target cc
configure:13802: result: pre-installed
configure:13807: checking where to find the target c++
configure:13847: result: pre-installed
configure:13852: checking where to find the target c++ for libstdc++
configure:13892: result: pre-installed
configure:13897: checking where to find the target dlltool
configure:13934: result: pre-installed
configure:13939: checking where to find the target gcc
configure:13976: result: pre-installed
configure:13981: checking where to find the target gcj
configure:14021: result: pre-installed
configure:14026: checking where to find the target gfortran
configure:14066: result: pre-installed
configure:14071: checking where to find the target gccgo
configure:14111: result: pre-installed
configure:14116: checking where to find the target ld
configure:14153: result: pre-installed
configure:14158: checking where to find the target lipo
configure:14184: result: pre-installed
configure:14189: checking where to find the target nm
configure:14226: result: pre-installed
configure:14231: checking where to find the target objdump
configure:14268: result: pre-installed
configure:14273: checking where to find the target ranlib
configure:14310: result: pre-installed
configure:14315: checking where to find the target readelf
configure:14352: result: pre-installed
configure:14357: checking where to find the target strip
configure:14394: result: pre-installed
configure:14399: checking where to find the target windres
configure:14436: result: pre-installed
configure:14441: checking where to find the target windmc
configure:14478: result: pre-installed
configure:14511: checking whether to enable maintainer-specific portions of Makefiles
configure:14520: result: no
configure:14741: creating ./config.status

## ---------------------- ##
## Running config.status. ##
## ---------------------- ##

This file was extended by config.status, which was
generated by GNU Autoconf 2.64.  Invocation command line was

  CONFIG_FILES    = 
  CONFIG_HEADERS  = 
  CONFIG_LINKS    = 
  CONFIG_COMMANDS = 
  $ ./config.status 

on eddie-VirtualBox

config.status:909: creating Makefile

## ---------------- ##
## Cache variables. ##
## ---------------- ##

ac_cv_build=i686-pc-linux-gnu
ac_cv_c_compiler_gnu=yes
ac_cv_cxx_compiler_gnu=yes
ac_cv_env_AR_FOR_TARGET_set=set
ac_cv_env_AR_FOR_TARGET_value=i686-elf-ar
ac_cv_env_AR_set=
ac_cv_env_AR_value=
ac_cv_env_AS_FOR_TARGET_set=set
ac_cv_env_AS_FOR_TARGET_value=i686-elf-as
ac_cv_env_AS_set=
ac_cv_env_AS_value=
ac_cv_env_CCC_set=
ac_cv_env_CCC_value=
ac_cv_env_CC_FOR_TARGET_set=set
ac_cv_env_CC_FOR_TARGET_value=i686-elf-gcc
ac_cv_env_CC_set=
ac_cv_env_CC_value=
ac_cv_env_CFLAGS_set=
ac_cv_env_CFLAGS_value=
ac_cv_env_CPPFLAGS_set=
ac_cv_env_CPPFLAGS_value=
ac_cv_env_CXXFLAGS_set=
ac_cv_env_CXXFLAGS_value=
ac_cv_env_CXX_FOR_TARGET_set=
ac_cv_env_CXX_FOR_TARGET_value=
ac_cv_env_CXX_set=
ac_cv_env_CXX_value=
ac_cv_env_DLLTOOL_FOR_TARGET_set=
ac_cv_env_DLLTOOL_FOR_TARGET_value=
ac_cv_env_DLLTOOL_set=
ac_cv_env_DLLTOOL_value=
ac_cv_env_GCC_FOR_TARGET_set=
ac_cv_env_GCC_FOR_TARGET_value=
ac_cv_env_GCJ_FOR_TARGET_set=
ac_cv_env_GCJ_FOR_TARGET_value=
ac_cv_env_GFORTRAN_FOR_TARGET_set=
ac_cv_env_GFORTRAN_FOR_TARGET_value=
ac_cv_env_GOC_FOR_TARGET_set=
ac_cv_env_GOC_FOR_TARGET_value=
ac_cv_env_LDFLAGS_set=
ac_cv_env_LDFLAGS_value=
ac_cv_env_LD_FOR_TARGET_set=set
ac_cv_env_LD_FOR_TARGET_value=i686-elf-ld
ac_cv_env_LD_set=
ac_cv_env_LD_value=
ac_cv_env_LIBS_set=
ac_cv_env_LIBS_value=
ac_cv_env_LIPO_FOR_TARGET_set=
ac_cv_env_LIPO_FOR_TARGET_value=
ac_cv_env_LIPO_set=
ac_cv_env_LIPO_value=
ac_cv_env_NM_FOR_TARGET_set=
ac_cv_env_NM_FOR_TARGET_value=
ac_cv_env_NM_set=
ac_cv_env_NM_value=
ac_cv_env_OBJCOPY_set=
ac_cv_env_OBJCOPY_value=
ac_cv_env_OBJDUMP_FOR_TARGET_set=
ac_cv_env_OBJDUMP_FOR_TARGET_value=
ac_cv_env_OBJDUMP_set=
ac_cv_env_OBJDUMP_value=
ac_cv_env_RANLIB_FOR_TARGET_set=set
ac_cv_env_RANLIB_FOR_TARGET_value=i686-elf-ranlib
ac_cv_env_RANLIB_set=
ac_cv_env_RANLIB_value=
ac_cv_env_READELF_FOR_TARGET_set=
ac_cv_env_READELF_FOR_TARGET_value=
ac_cv_env_READELF_set=
ac_cv_env_READELF_value=
ac_cv_env_STRIP_FOR_TARGET_set=
ac_cv_env_STRIP_FOR_TARGET_value=
ac_cv_env_STRIP_set=
ac_cv_env_STRIP_value=
ac_cv_env_WINDMC_FOR_TARGET_set=
ac_cv_env_WINDMC_FOR_TARGET_value=
ac_cv_env_WINDMC_set=
ac_cv_env_WINDMC_value=
ac_cv_env_WINDRES_FOR_TARGET_set=
ac_cv_env_WINDRES_FOR_TARGET_value=
ac_cv_env_WINDRES_set=
ac_cv_env_WINDRES_value=
ac_cv_env_build_alias_set=
ac_cv_env_build_alias_value=
ac_cv_env_build_configargs_set=
ac_cv_env_build_configargs_value=
ac_cv_env_host_alias_set=
ac_cv_env_host_alias_value=
ac_cv_env_host_configargs_set=
ac_cv_env_host_configargs_value=
ac_cv_env_target_alias_set=set
ac_cv_env_target_alias_value=i686-elf-xv6
ac_cv_env_target_configargs_set=
ac_cv_env_target_configargs_value=
ac_cv_host=i686-pc-linux-gnu
ac_cv_objext=o
ac_cv_path_SED=/bin/sed
ac_cv_path_install='/usr/bin/install -c'
ac_cv_prog_AR=ar
ac_cv_prog_AR_FOR_TARGET=i686-elf-ar
ac_cv_prog_AS=as
ac_cv_prog_AS_FOR_TARGET=i686-elf-as
ac_cv_prog_AWK=mawk
ac_cv_prog_CC_FOR_TARGET=i686-elf-gcc
ac_cv_prog_LD=ld
ac_cv_prog_LD_FOR_TARGET=i686-elf-ld
ac_cv_prog_MAKEINFO=makeinfo
ac_cv_prog_NM=nm
ac_cv_prog_OBJCOPY=objcopy
ac_cv_prog_OBJDUMP=objdump
ac_cv_prog_RANLIB=ranlib
ac_cv_prog_RANLIB_FOR_TARGET=i686-elf-ranlib
ac_cv_prog_READELF=readelf
ac_cv_prog_STRIP=strip
ac_cv_prog_ac_ct_CC=gcc
ac_cv_prog_ac_ct_CXX=g++
ac_cv_prog_cc_c89=
ac_cv_prog_cc_g=yes
ac_cv_prog_cxx_g=yes
ac_cv_target=i686-elf-xv6
acx_cv_cc_gcc_supports_ada=no
acx_cv_prog_LN=ln
gcc_cv_isl=no
gcc_cv_prog_cmp_skip='cmp --ignore-initial=16 $$f1 $$f2'
gcc_cv_tool_dirs=
gcc_cv_tool_prefix=/usr/local
lt_cv_objdir=.libs

## ----------------- ##
## Output variables. ##
## ----------------- ##

AR='ar'
AR_FOR_BUILD='$(AR)'
AR_FOR_TARGET='i686-elf-ar'
AS='as'
AS_FOR_BUILD='$(AS)'
AS_FOR_TARGET='i686-elf-as'
AWK='mawk'
BISON='/home/eddie/Documents/xv6-public/xv6-newlib/missing bison'
BUILD_CONFIG=''
CC='gcc'
CC_FOR_BUILD='$(CC)'
CC_FOR_TARGET='i686-elf-gcc'
CFLAGS='-g -O2'
CFLAGS_FOR_BUILD='-g -O2'
CFLAGS_FOR_TARGET='-g -O2'
COMPILER_AS_FOR_TARGET='$(AS_FOR_TARGET)'
COMPILER_LD_FOR_TARGET='$(LD_FOR_TARGET)'
COMPILER_NM_FOR_TARGET='$(NM_FOR_TARGET)'
CONFIGURE_GDB_TK=''
CPPFLAGS=''
CXX='g++'
CXXFLAGS='-g -O2'
CXXFLAGS_FOR_BUILD='-g -O2'
CXXFLAGS_FOR_TARGET='-g -O2'
CXX_FOR_BUILD='$(CXX)'
CXX_FOR_TARGET='i686-elf-xv6-c++'
DEBUG_PREFIX_CFLAGS_FOR_TARGET=''
DEFS='-DPACKAGE_NAME=\"\" -DPACKAGE_TARNAME=\"\" -DPACKAGE_VERSION=\"\" -DPACKAGE_STRING=\"\" -DPACKAGE_BUGREPORT=\"\" -DPACKAGE_URL=\"\" -DLT_OBJDIR=\".libs/\"'
DLLTOOL='dlltool'
DLLTOOL_FOR_BUILD='$(DLLTOOL)'
DLLTOOL_FOR_TARGET='i686-elf-xv6-dlltool'
ECHO_C=''
ECHO_N='-n'
ECHO_T=''
EXEEXT=''
EXPECT='expect'
EXTRA_CONFIGARGS_LIBJAVA='--disable-static'
FLAGS_FOR_TARGET=' -B$$r/$(TARGET_SUBDIR)/newlib/ -isystem $$r/$(TARGET_SUBDIR)/newlib/targ-include -isystem $$s/newlib/libc/include -B$$r/$(TARGET_SUBDIR)/libgloss/i386 -L$$r/$(TARGET_SUBDIR)/libgloss/libnosys -L$$s/libgloss/i386'
FLEX='/home/eddie/Documents/xv6-public/xv6-newlib/missing flex'
GCC_FOR_TARGET='i686-elf-gcc'
GCC_SHLIB_SUBDIR=''
GCJ_FOR_BUILD='$(GCJ)'
GCJ_FOR_TARGET='i686-elf-xv6-gcj'
GDB_TK=''
GFORTRAN_FOR_BUILD='$(GFORTRAN)'
GFORTRAN_FOR_TARGET='i686-elf-xv6-gfortran'
GNATBIND='no'
GNATMAKE='no'
GOC_FOR_BUILD='$(GOC)'
GOC_FOR_TARGET='i686-elf-xv6-gccgo'
INSTALL_DATA='${INSTALL} -m 644'
INSTALL_GDB_TK=''
INSTALL_PROGRAM='${INSTALL}'
INSTALL_SCRIPT='${INSTALL}'
LD='ld'
LDFLAGS=''
LDFLAGS_FOR_BUILD=''
LDFLAGS_FOR_TARGET=''
LD_FOR_BUILD='$(LD)'
LD_FOR_TARGET='i686-elf-ld'
LEX='/home/eddie/Documents/xv6-public/xv6-newlib/missing flex'
LIBOBJS=''
LIBS=''
LIPO='lipo'
LIPO_FOR_TARGET='i686-elf-xv6-lipo'
LN='ln'
LN_S='ln -s'
LTLIBOBJS=''
M4='/home/eddie/Documents/xv6-public/xv6-newlib/missing m4'
MAINT='#'
MAINTAINER_MODE_FALSE=''
MAINTAINER_MODE_TRUE='#'
MAKEINFO='makeinfo'
NM='nm'
NM_FOR_BUILD='$(NM)'
NM_FOR_TARGET='i686-elf-xv6-nm'
OBJCOPY='objcopy'
OBJDUMP='objdump'
OBJDUMP_FOR_TARGET='i686-elf-xv6-objdump'
OBJEXT='o'
PACKAGE_BUGREPORT=''
PACKAGE_NAME=''
PACKAGE_STRING=''
PACKAGE_TARNAME=''
PACKAGE_URL=''
PACKAGE_VERSION=''
PATH_SEPARATOR=':'
RANLIB='ranlib'
RANLIB_FOR_BUILD='$(RANLIB)'
RANLIB_FOR_TARGET='i686-elf-ranlib'
RAW_CXX_FOR_TARGET='i686-elf-xv6-c++'
READELF='readelf'
READELF_FOR_TARGET='i686-elf-xv6-readelf'
RPATH_ENVVAR='LD_LIBRARY_PATH'
RUNTEST='runtest'
SED='/bin/sed'
SHELL='/bin/bash'
STRIP='strip'
STRIP_FOR_TARGET='i686-elf-xv6-strip'
SYSROOT_CFLAGS_FOR_TARGET=''
TOPLEVEL_CONFIGURE_ARGUMENTS='./configure --target=i686-elf-xv6 CC_FOR_TARGET=i686-elf-gcc AS_FOR_TARGET=i686-elf-as LD_FOR_TARGET=i686-elf-ld AR_FOR_TARGET=i686-elf-ar RANLIB_FOR_TARGET=i686-elf-ranlib'
WINDMC='windmc'
WINDMC_FOR_BUILD='$(WINDMC)'
WINDMC_FOR_TARGET='i686-elf-xv6-windmc'
WINDRES='windres'
WINDRES_FOR_BUILD='$(WINDRES)'
WINDRES_FOR_TARGET='i686-elf-xv6-windres'
YACC='/home/eddie/Documents/xv6-public/xv6-newlib/missing bison -y'
ac_ct_CC='gcc'
ac_ct_CXX='g++'
bindir='${exec_prefix}/bin'
build='i686-pc-linux-gnu'
build_alias=''
build_configargs=' --cache-file=../config.cache  --program-transform-name='\''s&^&i686-elf-xv6-&'\'' --disable-option-checking'
build_configdirs=''
build_cpu='i686'
build_libsubdir='build-i686-pc-linux-gnu'
build_noncanonical='i686-pc-linux-gnu'
build_os='linux-gnu'
build_subdir='build-i686-pc-linux-gnu'
build_tooldir='${exec_prefix}/i686-elf-xv6'
build_vendor='pc'
clooginc=''
clooglibs=''
compare_exclusions='gcc/cc*-checksum$(objext) | gcc/ada/*tools/*'
configdirs=' etc'
datadir='${datarootdir}'
datarootdir='${prefix}/share'
do_compare='cmp --ignore-initial=16 $$f1 $$f2'
docdir='${datarootdir}/doc/${PACKAGE}'
dvidir='${docdir}'
exec_prefix='${prefix}'
extra_host_libiberty_configure_flags=''
extra_isl_gmp_configure_flags=''
extra_mpc_gmp_configure_flags=''
extra_mpc_mpfr_configure_flags=''
extra_mpfr_configure_flags=''
gmpinc=''
gmplibs='-lmpc -lmpfr -lgmp'
host='i686-pc-linux-gnu'
host_alias=''
host_configargs=' --cache-file=./config.cache  --with-system-zlib --with-newlib  --program-transform-name='\''s&^&i686-elf-xv6-&'\'' --disable-option-checking'
host_cpu='i686'
host_noncanonical='i686-pc-linux-gnu'
host_os='linux-gnu'
host_shared='no'
host_subdir='.'
host_vendor='pc'
htmldir='${docdir}'
includedir='${prefix}/include'
infodir='${datarootdir}/info'
islinc=''
libdir='${exec_prefix}/lib'
libexecdir='${exec_prefix}/libexec'
localedir='${datarootdir}/locale'
localstatedir='${prefix}/var'
mandir='${datarootdir}/man'
oldincludedir='/usr/include'
pdfdir='${docdir}'
poststage1_ldflags='-static-libstdc++ -static-libgcc'
poststage1_libs=''
prefix='/usr/local'
program_transform_name='s&^&i686-elf-xv6-&'
psdir='${docdir}'
sbindir='${exec_prefix}/sbin'
sharedstatedir='${prefix}/com'
stage1_cflags='-g'
stage1_checking='--enable-checking=yes,types'
stage1_languages=',c,'
stage1_ldflags='-static-libstdc++ -static-libgcc'
stage1_libs=''
stage2_werror_flag=''
sysconfdir='${prefix}/etc'
target='i686-elf-xv6'
target_alias='i686-elf-xv6'
target_configargs='--cache-file=./config.cache --with-newlib --enable-multilib --with-cross-host=i686-pc-linux-gnu   --program-transform-name='\''s&^&i686-elf-xv6-&'\'' --disable-option-checking'
target_configdirs=' libgloss newlib'
target_cpu='i686'
target_noncanonical='i686-elf-xv6'
target_os='xv6'
target_subdir='i686-elf-xv6'
target_vendor='elf'
tooldir='${exec_prefix}/i686-elf-xv6'

## ------------------- ##
## File substitutions. ##
## ------------------- ##

alphaieee_frag='/dev/null'
host_makefile_frag='/dev/null'
ospace_frag='/dev/null'
serialization_dependencies='serdep.tmp'
target_makefile_frag='/dev/null'

## ----------- ##
## confdefs.h. ##
## ----------- ##

/* confdefs.h */
#define PACKAGE_NAME ""
#define PACKAGE_TARNAME ""
#define PACKAGE_VERSION ""
#define PACKAGE_STRING ""
#define PACKAGE_BUGREPORT ""
#define PACKAGE_URL ""
#define LT_OBJDIR ".libs/"

configure: exit 0
