This file contains any messages produced by compilers while
running configure, to aid debugging if configure makes a mistake.

It was created by libgloss configure LIBGLOSS_VERSION, which was
generated by GNU Autoconf 2.68.  Invocation command line was

  $ /home/eddie/Documents/xv6-public/xv6-newlib/libgloss/configure --cache-file=./config.cache --with-newlib --enable-multilib --with-cross-host=i686-pc-linux-gnu --program-transform-name=s&^&i686-elf-xv6-& --disable-option-checking --with-target-subdir=i686-elf-xv6 --build=i686-pc-linux-gnu --host=i686-elf-xv6 --target=i686-elf-xv6 --srcdir=../.././libgloss

## --------- ##
## Platform. ##
## --------- ##

hostname = eddie-VirtualBox
uname -m = i686
uname -r = 4.13.0-45-generic
uname -s = Linux
uname -v = #50~16.04.1-Ubuntu SMP Wed May 30 11:16:09 UTC 2018

/usr/bin/uname -p = unknown
/bin/uname -X     = unknown

/bin/arch              = unknown
/usr/bin/arch -k       = unknown
/usr/convex/getsysinfo = unknown
/usr/bin/hostinfo      = unknown
/bin/machine           = unknown
/usr/bin/oslevel       = unknown
/bin/universe          = unknown

PATH: /home/eddie/Documents/xv6-public/barebones-toolchain-i686-elf/cross/i686/bin
PATH: /home/eddie/bin
PATH: /home/eddie/.local/bin
PATH: /usr/local/sbin
PATH: /usr/local/bin
PATH: /usr/sbin
PATH: /usr/bin
PATH: /sbin
PATH: /bin
PATH: /usr/games
PATH: /usr/local/games
PATH: /snap/bin


## ----------- ##
## Core tests. ##
## ----------- ##

configure:1732: creating cache ./config.cache
configure:1864: checking for a BSD-compatible install
configure:1932: result: /usr/bin/install -c
configure:1948: checking build system type
configure:1962: result: i686-pc-linux-gnu
configure:1982: checking host system type
configure:1995: result: i686-elf-xv6
configure:2015: checking target system type
configure:2028: result: i686-elf-xv6
configure:2056: checking whether build environment is sane
configure:2093: result: yes
configure:2155: checking for gawk
configure:2182: result: mawk
configure:2193: checking whether make sets $(MAKE)
configure:2215: result: yes
configure:2280: checking for i686-elf-xv6-strip
configure:2307: result: i686-elf-xv6-strip
configure:2583: checking for style of include used by make
configure:2611: result: GNU
configure:2638: checking for gcc
configure:2665: result: i686-elf-gcc -B/home/eddie/Documents/xv6-public/xv6-newlib/i686-elf-xv6/newlib/ -isystem /home/eddie/Documents/xv6-public/xv6-newlib/i686-elf-xv6/newlib/targ-include -isystem /home/eddie/Documents/xv6-public/xv6-newlib/newlib/libc/include -B/home/eddie/Documents/xv6-public/xv6-newlib/i686-elf-xv6/libgloss/i386 -L/home/eddie/Documents/xv6-public/xv6-newlib/i686-elf-xv6/libgloss/libnosys -L/home/eddie/Documents/xv6-public/xv6-newlib/libgloss/i386   
configure:2676: checking dependency style of i686-elf-gcc -B/home/eddie/Documents/xv6-public/xv6-newlib/i686-elf-xv6/newlib/ -isystem /home/eddie/Documents/xv6-public/xv6-newlib/i686-elf-xv6/newlib/targ-include -isystem /home/eddie/Documents/xv6-public/xv6-newlib/newlib/libc/include -B/home/eddie/Documents/xv6-public/xv6-newlib/i686-elf-xv6/libgloss/i386 -L/home/eddie/Documents/xv6-public/xv6-newlib/i686-elf-xv6/libgloss/libnosys -L/home/eddie/Documents/xv6-public/xv6-newlib/libgloss/i386   
configure:2766: result: gcc3
configure:2841: checking whether we are using GNU C
configure:2852: i686-elf-gcc -B/home/eddie/Documents/xv6-public/xv6-newlib/i686-elf-xv6/newlib/ -isystem /home/eddie/Documents/xv6-public/xv6-newlib/i686-elf-xv6/newlib/targ-include -isystem /home/eddie/Documents/xv6-public/xv6-newlib/newlib/libc/include -B/home/eddie/Documents/xv6-public/xv6-newlib/i686-elf-xv6/libgloss/i386 -L/home/eddie/Documents/xv6-public/xv6-newlib/i686-elf-xv6/libgloss/libnosys -L/home/eddie/Documents/xv6-public/xv6-newlib/libgloss/i386    -E conftest.c
configure:2855: $? = 0
configure:2862: result: yes
configure:2872: checking whether i686-elf-gcc -B/home/eddie/Documents/xv6-public/xv6-newlib/i686-elf-xv6/newlib/ -isystem /home/eddie/Documents/xv6-public/xv6-newlib/i686-elf-xv6/newlib/targ-include -isystem /home/eddie/Documents/xv6-public/xv6-newlib/newlib/libc/include -B/home/eddie/Documents/xv6-public/xv6-newlib/i686-elf-xv6/libgloss/i386 -L/home/eddie/Documents/xv6-public/xv6-newlib/i686-elf-xv6/libgloss/libnosys -L/home/eddie/Documents/xv6-public/xv6-newlib/libgloss/i386    accepts -g
configure:2892: i686-elf-gcc -B/home/eddie/Documents/xv6-public/xv6-newlib/i686-elf-xv6/newlib/ -isystem /home/eddie/Documents/xv6-public/xv6-newlib/i686-elf-xv6/newlib/targ-include -isystem /home/eddie/Documents/xv6-public/xv6-newlib/newlib/libc/include -B/home/eddie/Documents/xv6-public/xv6-newlib/i686-elf-xv6/libgloss/i386 -L/home/eddie/Documents/xv6-public/xv6-newlib/i686-elf-xv6/libgloss/libnosys -L/home/eddie/Documents/xv6-public/xv6-newlib/libgloss/i386    -c -g  conftest.c >&5
configure:2892: $? = 0
configure: failed program was:
| /* confdefs.h */
| #define PACKAGE_NAME "libgloss"
| #define PACKAGE_TARNAME "libgloss"
| #define PACKAGE_VERSION "LIBGLOSS_VERSION"
| #define PACKAGE_STRING "libgloss LIBGLOSS_VERSION"
| #define PACKAGE_BUGREPORT ""
| #define PACKAGE_URL ""
| /* end confdefs.h.  */
| 
| int
| main ()
| {
| 
|   ;
|   return 0;
| }
configure:2907: i686-elf-gcc -B/home/eddie/Documents/xv6-public/xv6-newlib/i686-elf-xv6/newlib/ -isystem /home/eddie/Documents/xv6-public/xv6-newlib/i686-elf-xv6/newlib/targ-include -isystem /home/eddie/Documents/xv6-public/xv6-newlib/newlib/libc/include -B/home/eddie/Documents/xv6-public/xv6-newlib/i686-elf-xv6/libgloss/i386 -L/home/eddie/Documents/xv6-public/xv6-newlib/i686-elf-xv6/libgloss/libnosys -L/home/eddie/Documents/xv6-public/xv6-newlib/libgloss/i386    -c   conftest.c >&5
configure:2907: $? = 0
configure: failed program was:
| /* confdefs.h */
| #define PACKAGE_NAME "libgloss"
| #define PACKAGE_TARNAME "libgloss"
| #define PACKAGE_VERSION "LIBGLOSS_VERSION"
| #define PACKAGE_STRING "libgloss LIBGLOSS_VERSION"
| #define PACKAGE_BUGREPORT ""
| #define PACKAGE_URL ""
| /* end confdefs.h.  */
| 
| int
| main ()
| {
| 
|   ;
|   return 0;
| }
configure:2923: i686-elf-gcc -B/home/eddie/Documents/xv6-public/xv6-newlib/i686-elf-xv6/newlib/ -isystem /home/eddie/Documents/xv6-public/xv6-newlib/i686-elf-xv6/newlib/targ-include -isystem /home/eddie/Documents/xv6-public/xv6-newlib/newlib/libc/include -B/home/eddie/Documents/xv6-public/xv6-newlib/i686-elf-xv6/libgloss/i386 -L/home/eddie/Documents/xv6-public/xv6-newlib/i686-elf-xv6/libgloss/libnosys -L/home/eddie/Documents/xv6-public/xv6-newlib/libgloss/i386    -c -g  conftest.c >&5
configure:2923: $? = 0
configure: failed program was:
| /* confdefs.h */
| #define PACKAGE_NAME "libgloss"
| #define PACKAGE_TARNAME "libgloss"
| #define PACKAGE_VERSION "LIBGLOSS_VERSION"
| #define PACKAGE_STRING "libgloss LIBGLOSS_VERSION"
| #define PACKAGE_BUGREPORT ""
| #define PACKAGE_URL ""
| /* end confdefs.h.  */
| 
| int
| main ()
| {
| 
|   ;
|   return 0;
| }
configure:2933: result: no
configure:2966: checking for ar
configure:2994: result: i686-elf-ar
configure:3009: checking for i686-elf-xv6-ranlib
configure:3036: result: i686-elf-ranlib
configure:3186: updating cache ./config.cache
configure:3279: creating ./config.status

## ---------------------- ##
## Running config.status. ##
## ---------------------- ##

This file was extended by libgloss config.status LIBGLOSS_VERSION, which was
generated by GNU Autoconf 2.68.  Invocation command line was

  CONFIG_FILES    = 
  CONFIG_HEADERS  = 
  CONFIG_LINKS    = 
  CONFIG_COMMANDS = 
  $ ./config.status 

on eddie-VirtualBox

config.status:829: creating Makefile
config.status:985: executing depfiles commands
configure:4521: === configuring in doc (/home/eddie/Documents/xv6-public/xv6-newlib/i686-elf-xv6/libgloss/doc)
configure:4584: running /bin/bash ../../.././libgloss/doc/configure --disable-option-checking '--prefix=/usr/local'  '--with-newlib' '--enable-multilib' '--with-cross-host=i686-pc-linux-gnu' '--program-transform-name=s&^&i686-elf-xv6-&' '--with-target-subdir=i686-elf-xv6' '--build=i686-pc-linux-gnu' '--host=i686-elf-xv6' '--target=i686-elf-xv6' 'build_alias=i686-pc-linux-gnu' 'host_alias=i686-elf-xv6' 'target_alias=i686-elf-xv6' --cache-file=.././config.cache --srcdir=../../.././libgloss/doc
configure:4521: === configuring in libnosys (/home/eddie/Documents/xv6-public/xv6-newlib/i686-elf-xv6/libgloss/libnosys)
configure:4584: running /bin/bash ../../.././libgloss/libnosys/configure --disable-option-checking '--prefix=/usr/local'  '--with-newlib' '--enable-multilib' '--with-cross-host=i686-pc-linux-gnu' '--program-transform-name=s&^&i686-elf-xv6-&' '--with-target-subdir=i686-elf-xv6' '--build=i686-pc-linux-gnu' '--host=i686-elf-xv6' '--target=i686-elf-xv6' 'build_alias=i686-pc-linux-gnu' 'host_alias=i686-elf-xv6' 'target_alias=i686-elf-xv6' --cache-file=.././config.cache --srcdir=../../.././libgloss/libnosys

## ---------------- ##
## Cache variables. ##
## ---------------- ##

ac_cv_build=i686-pc-linux-gnu
ac_cv_c_compiler_gnu=yes
ac_cv_env_CCASFLAGS_set=
ac_cv_env_CCASFLAGS_value=
ac_cv_env_CCAS_set=
ac_cv_env_CCAS_value=
ac_cv_env_build_alias_set=set
ac_cv_env_build_alias_value=i686-pc-linux-gnu
ac_cv_env_host_alias_set=set
ac_cv_env_host_alias_value=i686-elf-xv6
ac_cv_env_target_alias_set=set
ac_cv_env_target_alias_value=i686-elf-xv6
ac_cv_host=i686-elf-xv6
ac_cv_prog_AR=i686-elf-ar
ac_cv_prog_AWK=mawk
ac_cv_prog_CC='i686-elf-gcc -B/home/eddie/Documents/xv6-public/xv6-newlib/i686-elf-xv6/newlib/ -isystem /home/eddie/Documents/xv6-public/xv6-newlib/i686-elf-xv6/newlib/targ-include -isystem /home/eddie/Documents/xv6-public/xv6-newlib/newlib/libc/include -B/home/eddie/Documents/xv6-public/xv6-newlib/i686-elf-xv6/libgloss/i386 -L/home/eddie/Documents/xv6-public/xv6-newlib/i686-elf-xv6/libgloss/libnosys -L/home/eddie/Documents/xv6-public/xv6-newlib/libgloss/i386   '
ac_cv_prog_RANLIB=i686-elf-ranlib
ac_cv_prog_STRIP=i686-elf-xv6-strip
ac_cv_prog_cc_g=no
ac_cv_prog_make_make_set=yes
ac_cv_target=i686-elf-xv6
am_cv_CC_dependencies_compiler_type=gcc3

## ----------------- ##
## Output variables. ##
## ----------------- ##

ACLOCAL='${SHELL} /home/eddie/Documents/xv6-public/xv6-newlib/missing --run aclocal-1.9'
AMDEPBACKSLASH='\'
AMDEP_FALSE='#'
AMDEP_TRUE=''
AMTAR='${SHELL} /home/eddie/Documents/xv6-public/xv6-newlib/missing --run tar'
AR='i686-elf-ar'
AS='i686-elf-as'
AUTOCONF='${SHELL} /home/eddie/Documents/xv6-public/xv6-newlib/missing --run autoconf'
AUTOHEADER='${SHELL} /home/eddie/Documents/xv6-public/xv6-newlib/missing --run autoheader'
AUTOMAKE='${SHELL} /home/eddie/Documents/xv6-public/xv6-newlib/missing --run automake-1.9'
AWK='mawk'
CC='i686-elf-gcc -B/home/eddie/Documents/xv6-public/xv6-newlib/i686-elf-xv6/newlib/ -isystem /home/eddie/Documents/xv6-public/xv6-newlib/i686-elf-xv6/newlib/targ-include -isystem /home/eddie/Documents/xv6-public/xv6-newlib/newlib/libc/include -B/home/eddie/Documents/xv6-public/xv6-newlib/i686-elf-xv6/libgloss/i386 -L/home/eddie/Documents/xv6-public/xv6-newlib/i686-elf-xv6/libgloss/libnosys -L/home/eddie/Documents/xv6-public/xv6-newlib/libgloss/i386   '
CCAS='i686-elf-gcc -B/home/eddie/Documents/xv6-public/xv6-newlib/i686-elf-xv6/newlib/ -isystem /home/eddie/Documents/xv6-public/xv6-newlib/i686-elf-xv6/newlib/targ-include -isystem /home/eddie/Documents/xv6-public/xv6-newlib/newlib/libc/include -B/home/eddie/Documents/xv6-public/xv6-newlib/i686-elf-xv6/libgloss/i386 -L/home/eddie/Documents/xv6-public/xv6-newlib/i686-elf-xv6/libgloss/libnosys -L/home/eddie/Documents/xv6-public/xv6-newlib/libgloss/i386   '
CCASFLAGS=''
CCDEPMODE='depmode=gcc3'
CYGPATH_W='echo'
DEFS='-DPACKAGE_NAME=\"libgloss\" -DPACKAGE_TARNAME=\"libgloss\" -DPACKAGE_VERSION=\"LIBGLOSS_VERSION\" -DPACKAGE_STRING=\"libgloss\ LIBGLOSS_VERSION\" -DPACKAGE_BUGREPORT=\"\" -DPACKAGE_URL=\"\"'
DEPDIR='.deps'
ECHO_C=''
ECHO_N='-n'
ECHO_T=''
INSTALL_DATA='/usr/bin/install -c -m 644'
INSTALL_PROGRAM='/usr/bin/install -c'
INSTALL_SCRIPT='/usr/bin/install -c'
INSTALL_STRIP_PROGRAM='${SHELL} $(install_sh) -c -s'
LD='i686-elf-ld'
LIBOBJS=''
LIBS=''
LTLIBOBJS=''
MAKEINFO='makeinfo --split-size=5000000'
PACKAGE='libgloss'
PACKAGE_BUGREPORT=''
PACKAGE_NAME='libgloss'
PACKAGE_STRING='libgloss LIBGLOSS_VERSION'
PACKAGE_TARNAME='libgloss'
PACKAGE_URL=''
PACKAGE_VERSION='LIBGLOSS_VERSION'
PATH_SEPARATOR=':'
RANLIB='i686-elf-ranlib'
SET_MAKE=''
SHELL='/bin/bash'
STRIP='i686-elf-xv6-strip'
VERSION='LIBGLOSS_VERSION'
am__fastdepCC_FALSE='#'
am__fastdepCC_TRUE=''
am__include='include'
am__leading_dot='.'
am__quote=''
am__tar='${AMTAR} chof - "$$tardir"'
am__untar='${AMTAR} xf -'
bindir='${exec_prefix}/bin'
build='i686-pc-linux-gnu'
build_alias='i686-pc-linux-gnu'
build_cpu='i686'
build_os='linux-gnu'
build_vendor='pc'
datadir='${datarootdir}'
datarootdir='${prefix}/share'
docdir='${datarootdir}/doc/${PACKAGE_TARNAME}'
dvidir='${docdir}'
exec_prefix='${prefix}'
host='i686-elf-xv6'
host_alias='i686-elf-xv6'
host_cpu='i686'
host_makefile_frag_path='../.././libgloss/config/default.mh'
host_os='xv6'
host_vendor='elf'
htmldir='${docdir}'
includedir='${prefix}/include'
infodir='${datarootdir}/info'
install_sh='/home/eddie/Documents/xv6-public/xv6-newlib/install-sh'
libdir='${exec_prefix}/lib'
libexecdir='${exec_prefix}/libexec'
localedir='${datarootdir}/locale'
localstatedir='${prefix}/var'
mandir='${datarootdir}/man'
mkdir_p='mkdir -p --'
oldincludedir='/usr/include'
pdfdir='${docdir}'
prefix='/usr/local'
program_transform_name='s&^&i686-elf-xv6-&'
psdir='${docdir}'
sbindir='${exec_prefix}/sbin'
sharedstatedir='${prefix}/com'
subdirs=' doc libnosys'
sysconfdir='${prefix}/etc'
target='i686-elf-xv6'
target_alias='i686-elf-xv6'
target_cpu='i686'
target_os='xv6'
target_vendor='elf'

## ------------------- ##
## File substitutions. ##
## ------------------- ##

host_makefile_frag='../.././libgloss/config/default.mh'

## ----------- ##
## confdefs.h. ##
## ----------- ##

/* confdefs.h */
#define PACKAGE_NAME "libgloss"
#define PACKAGE_TARNAME "libgloss"
#define PACKAGE_VERSION "LIBGLOSS_VERSION"
#define PACKAGE_STRING "libgloss LIBGLOSS_VERSION"
#define PACKAGE_BUGREPORT ""
#define PACKAGE_URL ""

configure: exit 0
